#
# There is insufficient memory for the Java Runtime Environment to continue.
# Native memory allocation (mmap) failed to map 132120576 bytes. Error detail: G1 virtual space
# Possible reasons:
#   The system is out of physical RAM or swap space
#   This process is running with CompressedOops enabled, and the Java Heap may be blocking the growth of the native heap
# Possible solutions:
#   Reduce memory load on the system
#   Increase physical memory or swap space
#   Check if swap backing store is full
#   Decrease Java heap size (-Xmx/-Xms)
#   Decrease number of Java threads
#   Decrease Java thread stack sizes (-Xss)
#   Set larger code cache with -XX:ReservedCodeCacheSize=
#   JVM is running with Unscaled Compressed Oops mode in which the Java heap is
#     placed in the first 4GB address space. The Java Heap base address is the
#     maximum limit for the native heap growth. Please use -XX:HeapBaseMinAddress
#     to set the Java Heap base and to place the Java Heap above 4GB virtual address.
# This output file may be truncated or incomplete.
#
#  Out of Memory Error (os_windows.cpp:3614), pid=25196, tid=4224
#
# JRE version:  (17.0.13+11) (build )
# Java VM: OpenJDK 64-Bit Server VM (17.0.13+11-adhoc..jdk17u, mixed mode, sharing, tiered, compressed oops, compressed class ptrs, g1 gc, windows-amd64)
# No core dump will be written. Minidumps are not enabled by default on client versions of Windows
#

---------------  S U M M A R Y ------------

Command Line: org.jetbrains.kotlin.cli.jvm.K2JVMCompiler @C:\Users\ADEOYE MARVELLOUS\Final Assessment App\AuthAssessment\node_modules\@react-native\gradle-plugin\shared\build\20241201_5698902853329975769.compiler.options

Host: 11th Gen Intel(R) Core(TM) i5-1135G7 @ 2.40GHz, 8 cores, 7G,  Windows 11 , 64 bit Build 22621 (10.0.22621.4391)
Time: Sun Dec  1 22:11:02 2024 W. Central Africa Standard Time elapsed time: 0.051599 seconds (0d 0h 0m 0s)

---------------  T H R E A D  ---------------

Current thread (0x000001a47e3b1720):  JavaThread "Unknown thread" [_thread_in_vm, id=4224, stack(0x000000749a500000,0x000000749a600000)]

Stack: [0x000000749a500000,0x000000749a600000]
Native frames: (J=compiled Java code, j=interpreted, Vv=VM code, C=native code)
V  [jvm.dll+0x680c19]
V  [jvm.dll+0x83888a]
V  [jvm.dll+0x83a34e]
V  [jvm.dll+0x83a9b3]
V  [jvm.dll+0x2481af]
V  [jvm.dll+0x67d959]
V  [jvm.dll+0x67242a]
V  [jvm.dll+0x30813b]
V  [jvm.dll+0x30f626]
V  [jvm.dll+0x35f94e]
V  [jvm.dll+0x35fb8f]
V  [jvm.dll+0x2df0ec]
V  [jvm.dll+0x2e0044]
V  [jvm.dll+0x80a04b]
V  [jvm.dll+0x36d6c1]
V  [jvm.dll+0x7e8975]
V  [jvm.dll+0x3f109f]
V  [jvm.dll+0x3f2c11]
C  [jli.dll+0x52ab]
C  [ucrtbase.dll+0x29333]
C  [KERNEL32.DLL+0x1259d]
C  [ntdll.dll+0x5af38]


---------------  P R O C E S S  ---------------

Threads class SMR info:
_java_thread_list=0x00007ffbeb918f18, length=0, elements={
}

Java Threads: ( => current thread )

Other Threads:
  0x000001a47e40b3f0 GCTaskThread "GC Thread#0" [stack: 0x000000749a600000,0x000000749a700000] [id=19912]
  0x000001a47e41bc00 ConcurrentGCThread "G1 Main Marker" [stack: 0x000000749a700000,0x000000749a800000] [id=21520]
  0x000001a47e41c620 ConcurrentGCThread "G1 Conc#0" [stack: 0x000000749a800000,0x000000749a900000] [id=6304]

[error occurred during error reporting (printing all threads), id 0xc0000005, EXCEPTION_ACCESS_VIOLATION (0xc0000005) at pc=0x00007ffbeb0cf827]

VM state: not at safepoint (not fully initialized)

VM Mutex/Monitor currently owned by a thread:  ([mutex/lock_event])
[0x000001a47e3ab130] Heap_lock - owner thread: 0x000001a47e3b1720

Heap address: 0x0000000083a00000, size: 1990 MB, Compressed Oops mode: 32-bit

CDS archive(s) mapped at: [0x0000000000000000-0x0000000000000000-0x0000000000000000), size 0, SharedBaseAddress: 0x0000000800000000, ArchiveRelocationMode: 1.
Narrow klass base: 0x0000000000000000, Narrow klass shift: 0, Narrow klass range: 0x0

GC Precious Log:
<Empty>

Heap:
 garbage-first heap   total 0K, used 0K [0x0000000083a00000, 0x0000000100000000)
  region size 1024K, 0 young (0K), 0 survivors (0K)

[error occurred during error reporting (printing heap information), id 0xc0000005, EXCEPTION_ACCESS_VIOLATION (0xc0000005) at pc=0x00007ffbeb4b9e69]

GC Heap History (0 events):
No events

Dll operation events (1 events):
Event: 0.030 Loaded shared library C:\Program Files\OpenLogic\jdk-17.0.13.11-hotspot\bin\java.dll

Deoptimization events (0 events):
No events

Classes loaded (0 events):
No events

Classes unloaded (0 events):
No events

Classes redefined (0 events):
No events

Internal exceptions (0 events):
No events

VM Operations (0 events):
No events

Memory protections (0 events):
No events

Nmethod flushes (0 events):
No events

Events (0 events):
No events


Dynamic libraries:
0x00007ff6b5230000 - 0x00007ff6b523e000 	C:\Program Files\OpenLogic\jdk-17.0.13.11-hotspot\bin\java.exe
0x00007ffccf150000 - 0x00007ffccf367000 	C:\WINDOWS\SYSTEM32\ntdll.dll
0x00007ffccea90000 - 0x00007ffcceb54000 	C:\WINDOWS\System32\KERNEL32.DLL
0x00007ffccc9b0000 - 0x00007ffcccd6a000 	C:\WINDOWS\System32\KERNELBASE.dll
0x00007ffccc5f0000 - 0x00007ffccc701000 	C:\WINDOWS\System32\ucrtbase.dll
0x00007ffc57670000 - 0x00007ffc5768b000 	C:\Program Files\OpenLogic\jdk-17.0.13.11-hotspot\bin\VCRUNTIME140.dll
0x00007ffc57ec0000 - 0x00007ffc57ed7000 	C:\Program Files\OpenLogic\jdk-17.0.13.11-hotspot\bin\jli.dll
0x00007ffccde20000 - 0x00007ffccdfce000 	C:\WINDOWS\System32\USER32.dll
0x00007ffccc810000 - 0x00007ffccc836000 	C:\WINDOWS\System32\win32u.dll
0x00007ffcb1e10000 - 0x00007ffcb20a2000 	C:\WINDOWS\WinSxS\amd64_microsoft.windows.common-controls_6595b64144ccf1df_6.0.22621.4541_none_2710d1c57384c085\COMCTL32.dll
0x00007ffcceb60000 - 0x00007ffcceb89000 	C:\WINDOWS\System32\GDI32.dll
0x00007ffccc4d0000 - 0x00007ffccc5eb000 	C:\WINDOWS\System32\gdi32full.dll
0x00007ffccc430000 - 0x00007ffccc4ca000 	C:\WINDOWS\System32\msvcp_win.dll
0x00007ffccdbf0000 - 0x00007ffccdc97000 	C:\WINDOWS\System32\msvcrt.dll
0x00007ffccdca0000 - 0x00007ffccdcd1000 	C:\WINDOWS\System32\IMM32.DLL
0x0000000070ad0000 - 0x0000000070adc000 	C:\Program Files (x86)\360\Total Security\safemon\SafeWrapper.dll
0x00007ffccd5b0000 - 0x00007ffccd662000 	C:\WINDOWS\System32\ADVAPI32.dll
0x00007ffccdd60000 - 0x00007ffccde07000 	C:\WINDOWS\System32\sechost.dll
0x00007ffcccd70000 - 0x00007ffcccd98000 	C:\WINDOWS\System32\bcrypt.dll
0x00007ffcce850000 - 0x00007ffcce964000 	C:\WINDOWS\System32\RPCRT4.dll
0x00007ffc47fd0000 - 0x00007ffc4807c000 	C:\Program Files (x86)\360\Total Security\safemon\libzdtp64.dll
0x00007ffccdfd0000 - 0x00007ffcce848000 	C:\WINDOWS\System32\SHELL32.dll
0x00007ffccdcf0000 - 0x00007ffccdd4e000 	C:\WINDOWS\System32\SHLWAPI.dll
0x00007ffccbf80000 - 0x00007ffccbf8a000 	C:\WINDOWS\SYSTEM32\VERSION.dll
0x00007ffc60e90000 - 0x00007ffc60e9c000 	C:\Program Files\OpenLogic\jdk-17.0.13.11-hotspot\bin\vcruntime140_1.dll
0x00007ffc20e70000 - 0x00007ffc20efd000 	C:\Program Files\OpenLogic\jdk-17.0.13.11-hotspot\bin\msvcp140.dll
0x00007ffbeade0000 - 0x00007ffbeba4c000 	C:\Program Files\OpenLogic\jdk-17.0.13.11-hotspot\bin\server\jvm.dll
0x00007ffccd6f0000 - 0x00007ffccd761000 	C:\WINDOWS\System32\WS2_32.dll
0x00007ffcc5740000 - 0x00007ffcc5774000 	C:\WINDOWS\SYSTEM32\WINMM.dll
0x00007ffccc300000 - 0x00007ffccc34d000 	C:\WINDOWS\SYSTEM32\POWRPROF.dll
0x00007ffccc290000 - 0x00007ffccc2a3000 	C:\WINDOWS\SYSTEM32\UMPDC.dll
0x00007ffccb3c0000 - 0x00007ffccb3d8000 	C:\WINDOWS\SYSTEM32\kernel.appcore.dll
0x00007ffc61db0000 - 0x00007ffc61dba000 	C:\Program Files\OpenLogic\jdk-17.0.13.11-hotspot\bin\jimage.dll
0x00007ffcc9920000 - 0x00007ffcc9b52000 	C:\WINDOWS\SYSTEM32\DBGHELP.DLL
0x00007ffcced30000 - 0x00007ffccf0bf000 	C:\WINDOWS\System32\combase.dll
0x00007ffccce60000 - 0x00007ffcccf37000 	C:\WINDOWS\System32\OLEAUT32.dll
0x00007ffcb2140000 - 0x00007ffcb2172000 	C:\WINDOWS\SYSTEM32\dbgcore.DLL
0x00007ffccc790000 - 0x00007ffccc80b000 	C:\WINDOWS\System32\bcryptPrimitives.dll
0x00007ffc549d0000 - 0x00007ffc549f5000 	C:\Program Files\OpenLogic\jdk-17.0.13.11-hotspot\bin\java.dll

dbghelp: loaded successfully - version: 4.0.5 - missing functions: none
symbol engine: initialized successfully - sym options: 0x614 - pdb path: .;C:\Program Files\OpenLogic\jdk-17.0.13.11-hotspot\bin;C:\WINDOWS\SYSTEM32;C:\WINDOWS\WinSxS\amd64_microsoft.windows.common-controls_6595b64144ccf1df_6.0.22621.4541_none_2710d1c57384c085;C:\Program Files (x86)\360\Total Security\safemon;C:\Program Files\OpenLogic\jdk-17.0.13.11-hotspot\bin\server

VM Arguments:
java_command: org.jetbrains.kotlin.cli.jvm.K2JVMCompiler @C:\Users\ADEOYE MARVELLOUS\Final Assessment App\AuthAssessment\node_modules\@react-native\gradle-plugin\shared\build\20241201_5698902853329975769.compiler.options
java_class_path (initial): C:\Users\ADEOYE MARVELLOUS\.gradle\caches\modules-2\files-2.1\org.jetbrains.kotlin\kotlin-compiler-embeddable\1.9.24\78dab849090e6c5e2eadb6e59a11cdc28fb67a08\kotlin-compiler-embeddable-1.9.24.jar;C:\Users\ADEOYE MARVELLOUS\.gradle\caches\modules-2\files-2.1\org.jetbrains.kotlin\kotlin-stdlib\1.9.24\9928532f12c66ad816a625b3f9984f8368ca6d2b\kotlin-stdlib-1.9.24.jar;C:\Users\ADEOYE MARVELLOUS\.gradle\caches\modules-2\files-2.1\org.jetbrains.kotlin\kotlin-script-runtime\1.9.24\96771497da90fbc5af1c90fce148db2595a62502\kotlin-script-runtime-1.9.24.jar;C:\Users\ADEOYE MARVELLOUS\.gradle\caches\modules-2\files-2.1\org.jetbrains.kotlin\kotlin-reflect\1.6.10\1cbe9c92c12a94eea200d23c2bbaedaf3daf5132\kotlin-reflect-1.6.10.jar;C:\Users\ADEOYE MARVELLOUS\.gradle\caches\modules-2\files-2.1\org.jetbrains.kotlin\kotlin-daemon-embeddable\1.9.24\86685b9c5e8d170925bd9ddbdc263374a6a73281\kotlin-daemon-embeddable-1.9.24.jar;C:\Users\ADEOYE MARVELLOUS\.gradle\caches\modules-2\files-2.1\org.jetbrains.intellij.deps\trove4j\1.0.20200330\3afb14d5f9ceb459d724e907a21145e8ff394f02\trove4j-1.0.20200330.jar;C:\Users\ADEOYE MARVELLOUS\.gradle\caches\modules-2\files-2.1\org.jetbrains\annotations\13.0\919f0dfe192fb4e063e7dacadee7f8bb9a2672a9\annotations-13.0.jar
Launcher Type: SUN_STANDARD

[Global flags]
     intx CICompilerCount                          = 4                                         {product} {ergonomic}
     uint ConcGCThreads                            = 2                                         {product} {ergonomic}
     uint G1ConcRefinementThreads                  = 8                                         {product} {ergonomic}
   size_t G1HeapRegionSize                         = 1048576                                   {product} {ergonomic}
    uintx GCDrainStackTargetSize                   = 64                                        {product} {ergonomic}
   size_t InitialHeapSize                          = 132120576                                 {product} {ergonomic}
   size_t MarkStackSize                            = 4194304                                   {product} {ergonomic}
   size_t MaxHeapSize                              = 2086666240                                {product} {ergonomic}
   size_t MinHeapDeltaBytes                        = 1048576                                   {product} {ergonomic}
   size_t MinHeapSize                              = 8388608                                   {product} {ergonomic}
    uintx NonNMethodCodeHeapSize                   = 5839372                                {pd product} {ergonomic}
    uintx NonProfiledCodeHeapSize                  = 122909434                              {pd product} {ergonomic}
    uintx ProfiledCodeHeapSize                     = 122909434                              {pd product} {ergonomic}
    uintx ReservedCodeCacheSize                    = 251658240                              {pd product} {ergonomic}
     bool SegmentedCodeCache                       = true                                      {product} {ergonomic}
   size_t SoftMaxHeapSize                          = 2086666240                             {manageable} {ergonomic}
     bool UseCompressedClassPointers               = true                           {product lp64_product} {ergonomic}
     bool UseCompressedOops                        = true                           {product lp64_product} {ergonomic}
     bool UseG1GC                                  = true                                      {product} {ergonomic}
     bool UseLargePagesIndividualAllocation        = false                                  {pd product} {ergonomic}

Logging:
Log output configuration:
 #0: stdout all=warning uptime,level,tags
 #1: stderr all=off uptime,level,tags

Environment Variables:
JAVA_HOME=C:\Program Files\OpenLogic\jdk-17.0.13.11-hotspot
CLASSPATH=C:\Users\ADEOYE MARVELLOUS\Final Assessment App\AuthAssessment\android\\gradle\wrapper\gradle-wrapper.jar
PATH=C:\Users\ADEOYE MARVELLOUS\Final Assessment App\AuthAssessment\node_modules\.bin;C:\Users\ADEOYE MARVELLOUS\Final Assessment App\AuthAssessment\node_modules\.bin;C:\Users\ADEOYE MARVELLOUS\Final Assessment App\node_modules\.bin;C:\Users\ADEOYE MARVELLOUS\node_modules\.bin;C:\Users\node_modules\.bin;C:\node_modules\.bin;C:\Users\ADEOYEMARVELLOUS\AppData\Roaming\nvm\v21.1.0\node_modules\npm\node_modules\@npmcli\run-script\lib\node-gyp-bin;C:\Users\ADEOYE MARVELLOUS\bin;C:\Program Files\Git\mingw64\bin;C:\Program Files\Git\usr\local\bin;C:\Program Files\Git\usr\bin;C:\Program Files\Git\usr\bin;C:\Program Files\Git\mingw64\bin;C:\Program Files\Git\usr\bin;C:\Users\ADEOYE MARVELLOUS\bin;C:\Program Files\Microsoft\jdk-17.0.13.11-hotspot\bin;C:\Program Files\OpenLogic\jdk-17.0.13.11-hotspot\bin;C:\Program Files\Common Files\Oracle\Java\javapath;C:\Program Files\Eclipse Adoptium\jdk-11.0.24.8-hotspot\bin;C:\Program Files (x86)\Common Files\Intel\Shared Libraries\redist\intel64\compiler;C:\WINDOWS\system32;C:\WINDOWS;C:\WINDOWS\System32\Wbem;C:\WINDOWS\System32\WindowsPowerShell\v1.0;C:\WINDOWS\System32\OpenSSH;C:\Program Files\Azure Data Studio\bin;C:\Program Files\Microsoft SQL Server\Client SDK\ODBC\170\Tools\Binn;C:\Program Files (x86)\Microsoft SQL Server\150\Tools\Binn;C:\Program Files\Microsoft SQL Server\150\Tools\Binn;C:\Program Files\Microsoft SQL Server\150\DTS\Binn;C:\Program Files\Microsoft\Web Platform Installer;C:\Program Files\Docker\Docker\resources\bin;C:\ProgramData\DockerDesktop\version-bin;C:\Program Files (x86)\HP\IdrsOCR_15.2.10.1114;C:\ProgramData\chocolatey\bin;C:\Program Files (x86)\Yarn\bin;C:\Program Files (x86)\Microsoft SQL Server\150\DTS\Binn;C:\Program Files\dotnet;C:\Program Files (x86)\QuickTime\QTSystem;C:\Program Files\PostgreSQL\14\bin;C:\Users;C:\Program Files\HP\HP One Agent;C:\ngrok;C:\Program Files\nodejs;C:\Program Files\OpenLogic\jdk-17.0.13.11-hotspot\bin;C:\Users\ADEOYEMARVELLOUS\AppData\Local\Android\Sdk;C:\Users\ADEOYEMARVELLO
USERNAME=ADEOYE MARVELLOUS
SHELL=C:\Program Files\Git\usr\bin\bash.exe
DISPLAY=needs-to-be-defined
LANG=en_US.UTF-8
TERM=xterm-256color
TMPDIR=C:\Users\ADEOYE~1\AppData\Local\Temp
OS=Windows_NT
PROCESSOR_IDENTIFIER=Intel64 Family 6 Model 140 Stepping 1, GenuineIntel
TMP=C:\Users\ADEOYE~1\AppData\Local\Temp
TEMP=C:\Users\ADEOYE~1\AppData\Local\Temp



Periodic native trim disabled


---------------  S Y S T E M  ---------------

OS:
 Windows 11 , 64 bit Build 22621 (10.0.22621.4391)
OS uptime: 0 days 8:58 hours
Hyper-V role detected

CPU: total 8 (initial active 8) (4 cores per cpu, 2 threads per core) family 6 model 140 stepping 1 microcode 0xac, cx8, cmov, fxsr, ht, mmx, 3dnowpref, sse, sse2, sse3, ssse3, sse4.1, sse4.2, popcnt, lzcnt, tsc, tscinvbit, avx, avx2, aes, erms, clmul, bmi1, bmi2, adx, avx512f, avx512dq, avx512cd, avx512bw, avx512vl, sha, fma, vzeroupper, avx512_vpopcntdq, avx512_vpclmulqdq, avx512_vaes, avx512_vnni, clflush, clflushopt, clwb, avx512_vbmi2, avx512_vbmi, hv
Processor Information for processor 0
  Max Mhz: 2419, Current Mhz: 2419, Mhz Limit: 2419
Processor Information for processor 1
  Max Mhz: 2419, Current Mhz: 2419, Mhz Limit: 2419
Processor Information for processor 2
  Max Mhz: 2419, Current Mhz: 2419, Mhz Limit: 2419
Processor Information for processor 3
  Max Mhz: 2419, Current Mhz: 2419, Mhz Limit: 2419
Processor Information for processor 4
  Max Mhz: 2419, Current Mhz: 1511, Mhz Limit: 2419
Processor Information for processor 5
  Max Mhz: 2419, Current Mhz: 1511, Mhz Limit: 2419
Processor Information for processor 6
  Max Mhz: 2419, Current Mhz: 1511, Mhz Limit: 2419
Processor Information for processor 7
  Max Mhz: 2419, Current Mhz: 1511, Mhz Limit: 2419

Memory: 4k page, system-wide physical 7957M (925M free)
TotalPageFile size 32533M (AvailPageFile size 62M)
current process WorkingSet (physical memory assigned to process): 12M, peak: 12M
current process commit charge ("private bytes"): 61M, peak: 187M

vm_info: OpenJDK 64-Bit Server VM (17.0.13+11-adhoc..jdk17u) for windows-amd64 JRE (17.0.13+11-adhoc..jdk17u), built on Oct 18 2024 01:05:13 by "" with MS VC++ 16.10 / 16.11 (VS2019)

END.
