#
# There is insufficient memory for the Java Runtime Environment to continue.
# Native memory allocation (malloc) failed to allocate 577824 bytes. Error detail: Chunk::new
# Possible reasons:
#   The system is out of physical RAM or swap space
#   This process is running with CompressedOops enabled, and the Java Heap may be blocking the growth of the native heap
# Possible solutions:
#   Reduce memory load on the system
#   Increase physical memory or swap space
#   Check if swap backing store is full
#   Decrease Java heap size (-Xmx/-Xms)
#   Decrease number of Java threads
#   Decrease Java thread stack sizes (-Xss)
#   Set larger code cache with -XX:ReservedCodeCacheSize=
#   JVM is running with Unscaled Compressed Oops mode in which the Java heap is
#     placed in the first 4GB address space. The Java Heap base address is the
#     maximum limit for the native heap growth. Please use -XX:HeapBaseMinAddress
#     to set the Java Heap base and to place the Java Heap above 4GB virtual address.
# This output file may be truncated or incomplete.
#
#  Out of Memory Error (arena.cpp:191), pid=25088, tid=19684
#
# JRE version: OpenJDK Runtime Environment OpenLogic-OpenJDK (17.0.13+11) (build 17.0.13+11-adhoc..jdk17u)
# Java VM: OpenJDK 64-Bit Server VM OpenLogic-OpenJDK (17.0.13+11-adhoc..jdk17u, mixed mode, sharing, tiered, compressed oops, compressed class ptrs, g1 gc, windows-amd64)
# No core dump will be written. Minidumps are not enabled by default on client versions of Windows
#

---------------  S U M M A R Y ------------

Command Line: -Xmx64m -Xms64m -Dorg.gradle.appname=gradlew org.gradle.wrapper.GradleWrapperMain app:installDebug -PreactNativeDevServerPort=8081

Host: 11th Gen Intel(R) Core(TM) i5-1135G7 @ 2.40GHz, 8 cores, 7G,  Windows 11 , 64 bit Build 22621 (10.0.22621.4391)
Time: Mon Dec  2 00:36:41 2024 W. Central Africa Standard Time elapsed time: 2.935434 seconds (0d 0h 0m 2s)

---------------  T H R E A D  ---------------

Current thread (0x000002b2708ef040):  JavaThread "C2 CompilerThread0" daemon [_thread_in_native, id=19684, stack(0x000000f128300000,0x000000f128400000)]


Current CompileTask:
C2:   2935  723       4       java.util.zip.ZipFile$Source::initCEN (591 bytes)

Stack: [0x000000f128300000,0x000000f128400000]
Native frames: (J=compiled Java code, j=interpreted, Vv=VM code, C=native code)
V  [jvm.dll+0x680c19]
V  [jvm.dll+0x83888a]
V  [jvm.dll+0x83a34e]
V  [jvm.dll+0x83a9b3]
V  [jvm.dll+0x2481af]
V  [jvm.dll+0xac9f4]
V  [jvm.dll+0xad03c]
V  [jvm.dll+0x3677b7]
V  [jvm.dll+0x331b9a]
V  [jvm.dll+0x33103a]
V  [jvm.dll+0x21a701]
V  [jvm.dll+0x219b41]
V  [jvm.dll+0x1a58ed]
V  [jvm.dll+0x22988d]
V  [jvm.dll+0x227a1c]
V  [jvm.dll+0x7ed737]
V  [jvm.dll+0x7e7b2c]
V  [jvm.dll+0x67fae7]
C  [ucrtbase.dll+0x29333]
C  [KERNEL32.DLL+0x1259d]
C  [ntdll.dll+0x5af38]


---------------  P R O C E S S  ---------------

Threads class SMR info:
_java_thread_list=0x000002b270b4b360, length=12, elements={
0x000002b255b15a80, 0x000002b2708cb7e0, 0x000002b2708ccb40, 0x000002b2708e29c0,
0x000002b2708e3580, 0x000002b2708e8430, 0x000002b2708ec850, 0x000002b2708ef040,
0x000002b2708fcfa0, 0x000002b270902910, 0x000002b270b43150, 0x000002b270b42730
}

Java Threads: ( => current thread )
  0x000002b255b15a80 JavaThread "main" [_thread_in_native, id=22852, stack(0x000000f127600000,0x000000f127700000)]
  0x000002b2708cb7e0 JavaThread "Reference Handler" daemon [_thread_blocked, id=24332, stack(0x000000f127d00000,0x000000f127e00000)]
  0x000002b2708ccb40 JavaThread "Finalizer" daemon [_thread_blocked, id=27444, stack(0x000000f127e00000,0x000000f127f00000)]
  0x000002b2708e29c0 JavaThread "Signal Dispatcher" daemon [_thread_blocked, id=3836, stack(0x000000f127f00000,0x000000f128000000)]
  0x000002b2708e3580 JavaThread "Attach Listener" daemon [_thread_blocked, id=26924, stack(0x000000f128000000,0x000000f128100000)]
  0x000002b2708e8430 JavaThread "Service Thread" daemon [_thread_blocked, id=23540, stack(0x000000f128100000,0x000000f128200000)]
  0x000002b2708ec850 JavaThread "Monitor Deflation Thread" daemon [_thread_blocked, id=20488, stack(0x000000f128200000,0x000000f128300000)]
=>0x000002b2708ef040 JavaThread "C2 CompilerThread0" daemon [_thread_in_native, id=19684, stack(0x000000f128300000,0x000000f128400000)]
  0x000002b2708fcfa0 JavaThread "C1 CompilerThread0" daemon [_thread_blocked, id=4892, stack(0x000000f128400000,0x000000f128500000)]
  0x000002b270902910 JavaThread "Sweeper thread" daemon [_thread_blocked, id=22064, stack(0x000000f128500000,0x000000f128600000)]
  0x000002b270b43150 JavaThread "Notification Thread" daemon [_thread_blocked, id=22032, stack(0x000000f128600000,0x000000f128700000)]
  0x000002b270b42730 JavaThread "Common-Cleaner" daemon [_thread_blocked, id=17660, stack(0x000000f128800000,0x000000f128900000)]

Other Threads:
  0x000002b2708c7740 VMThread "VM Thread" [stack: 0x000000f127c00000,0x000000f127d00000] [id=27096]
  0x000002b270b44890 WatcherThread [stack: 0x000000f128700000,0x000000f128800000] [id=10640]
  0x000002b255b34a00 GCTaskThread "GC Thread#0" [stack: 0x000000f127700000,0x000000f127800000] [id=23536]
  0x000002b2750fbb00 GCTaskThread "GC Thread#1" [stack: 0x000000f128900000,0x000000f128a00000] [id=27112]
  0x000002b27507db50 GCTaskThread "GC Thread#2" [stack: 0x000000f128a00000,0x000000f128b00000] [id=24512]
  0x000002b27519bb10 GCTaskThread "GC Thread#3" [stack: 0x000000f128b00000,0x000000f128c00000] [id=26904]
  0x000002b255b36150 ConcurrentGCThread "G1 Main Marker" [stack: 0x000000f127800000,0x000000f127900000] [id=360]
  0x000002b255b36b70 ConcurrentGCThread "G1 Conc#0" [stack: 0x000000f127900000,0x000000f127a00000] [id=27524]
  0x000002b255b96dc0 ConcurrentGCThread "G1 Refine#0" [stack: 0x000000f127a00000,0x000000f127b00000] [id=16852]
  0x000002b255b977f0 ConcurrentGCThread "G1 Service" [stack: 0x000000f127b00000,0x000000f127c00000] [id=11512]

Threads with active compile tasks:
C2 CompilerThread0     2991  723       4       java.util.zip.ZipFile$Source::initCEN (591 bytes)

VM state: not at safepoint (normal execution)

VM Mutex/Monitor currently owned by a thread: None

Heap address: 0x00000000fc000000, size: 64 MB, Compressed Oops mode: 32-bit

CDS archive(s) mapped at: [0x000002b200000000-0x000002b200bc0000-0x000002b200bc0000), size 12320768, SharedBaseAddress: 0x000002b200000000, ArchiveRelocationMode: 1.
Compressed class space mapped at: 0x000002b201000000-0x000002b241000000, reserved size: 1073741824
Narrow klass base: 0x000002b200000000, Narrow klass shift: 0, Narrow klass range: 0x100000000

GC Precious Log:
 CPUs: 8 total, 8 available
 Memory: 7957M
 Large Page Support: Disabled
 NUMA Support: Disabled
 Compressed Oops: Enabled (32-bit)
 Heap Region Size: 1M
 Heap Min Capacity: 64M
 Heap Initial Capacity: 64M
 Heap Max Capacity: 64M
 Pre-touch: Disabled
 Parallel Workers: 8
 Concurrent Workers: 2
 Concurrent Refinement Workers: 8
 Periodic GC: Disabled

Heap:
 garbage-first heap   total 65536K, used 12048K [0x00000000fc000000, 0x0000000100000000)
  region size 1024K, 9 young (9216K), 3 survivors (3072K)
 Metaspace       used 2045K, committed 2176K, reserved 1114112K
  class space    used 185K, committed 256K, reserved 1048576K

Heap Regions: E=young(eden), S=young(survivor), O=old, HS=humongous(starts), HC=humongous(continues), CS=collection set, F=free, OA=open archive, CA=closed archive, TAMS=top-at-mark-start (previous, next)
|   0|0x00000000fc000000, 0x00000000fc100000, 0x00000000fc100000|100%|HS|  |TAMS 0x00000000fc000000, 0x00000000fc000000| Complete 
|   1|0x00000000fc100000, 0x00000000fc200000, 0x00000000fc200000|100%|HC|  |TAMS 0x00000000fc100000, 0x00000000fc100000| Complete 
|   2|0x00000000fc200000, 0x00000000fc300000, 0x00000000fc300000|100%|HC|  |TAMS 0x00000000fc200000, 0x00000000fc200000| Complete 
|   3|0x00000000fc300000, 0x00000000fc400000, 0x00000000fc400000|100%|HC|  |TAMS 0x00000000fc300000, 0x00000000fc300000| Complete 
|   4|0x00000000fc400000, 0x00000000fc400000, 0x00000000fc500000|  0%| F|  |TAMS 0x00000000fc400000, 0x00000000fc400000| Untracked 
|   5|0x00000000fc500000, 0x00000000fc500000, 0x00000000fc600000|  0%| F|  |TAMS 0x00000000fc500000, 0x00000000fc500000| Untracked 
|   6|0x00000000fc600000, 0x00000000fc600000, 0x00000000fc700000|  0%| F|  |TAMS 0x00000000fc600000, 0x00000000fc600000| Untracked 
|   7|0x00000000fc700000, 0x00000000fc700000, 0x00000000fc800000|  0%| F|  |TAMS 0x00000000fc700000, 0x00000000fc700000| Untracked 
|   8|0x00000000fc800000, 0x00000000fc800000, 0x00000000fc900000|  0%| F|  |TAMS 0x00000000fc800000, 0x00000000fc800000| Untracked 
|   9|0x00000000fc900000, 0x00000000fc900000, 0x00000000fca00000|  0%| F|  |TAMS 0x00000000fc900000, 0x00000000fc900000| Untracked 
|  10|0x00000000fca00000, 0x00000000fca00000, 0x00000000fcb00000|  0%| F|  |TAMS 0x00000000fca00000, 0x00000000fca00000| Untracked 
|  11|0x00000000fcb00000, 0x00000000fcb00000, 0x00000000fcc00000|  0%| F|  |TAMS 0x00000000fcb00000, 0x00000000fcb00000| Untracked 
|  12|0x00000000fcc00000, 0x00000000fcc00000, 0x00000000fcd00000|  0%| F|  |TAMS 0x00000000fcc00000, 0x00000000fcc00000| Untracked 
|  13|0x00000000fcd00000, 0x00000000fcd00000, 0x00000000fce00000|  0%| F|  |TAMS 0x00000000fcd00000, 0x00000000fcd00000| Untracked 
|  14|0x00000000fce00000, 0x00000000fce00000, 0x00000000fcf00000|  0%| F|  |TAMS 0x00000000fce00000, 0x00000000fce00000| Untracked 
|  15|0x00000000fcf00000, 0x00000000fcf00000, 0x00000000fd000000|  0%| F|  |TAMS 0x00000000fcf00000, 0x00000000fcf00000| Untracked 
|  16|0x00000000fd000000, 0x00000000fd000000, 0x00000000fd100000|  0%| F|  |TAMS 0x00000000fd000000, 0x00000000fd000000| Untracked 
|  17|0x00000000fd100000, 0x00000000fd100000, 0x00000000fd200000|  0%| F|  |TAMS 0x00000000fd100000, 0x00000000fd100000| Untracked 
|  18|0x00000000fd200000, 0x00000000fd200000, 0x00000000fd300000|  0%| F|  |TAMS 0x00000000fd200000, 0x00000000fd200000| Untracked 
|  19|0x00000000fd300000, 0x00000000fd300000, 0x00000000fd400000|  0%| F|  |TAMS 0x00000000fd300000, 0x00000000fd300000| Untracked 
|  20|0x00000000fd400000, 0x00000000fd400000, 0x00000000fd500000|  0%| F|  |TAMS 0x00000000fd400000, 0x00000000fd400000| Untracked 
|  21|0x00000000fd500000, 0x00000000fd500000, 0x00000000fd600000|  0%| F|  |TAMS 0x00000000fd500000, 0x00000000fd500000| Untracked 
|  22|0x00000000fd600000, 0x00000000fd600000, 0x00000000fd700000|  0%| F|  |TAMS 0x00000000fd600000, 0x00000000fd600000| Untracked 
|  23|0x00000000fd700000, 0x00000000fd700000, 0x00000000fd800000|  0%| F|  |TAMS 0x00000000fd700000, 0x00000000fd700000| Untracked 
|  24|0x00000000fd800000, 0x00000000fd800000, 0x00000000fd900000|  0%| F|  |TAMS 0x00000000fd800000, 0x00000000fd800000| Untracked 
|  25|0x00000000fd900000, 0x00000000fd900000, 0x00000000fda00000|  0%| F|  |TAMS 0x00000000fd900000, 0x00000000fd900000| Untracked 
|  26|0x00000000fda00000, 0x00000000fda00000, 0x00000000fdb00000|  0%| F|  |TAMS 0x00000000fda00000, 0x00000000fda00000| Untracked 
|  27|0x00000000fdb00000, 0x00000000fdb00000, 0x00000000fdc00000|  0%| F|  |TAMS 0x00000000fdb00000, 0x00000000fdb00000| Untracked 
|  28|0x00000000fdc00000, 0x00000000fdc00000, 0x00000000fdd00000|  0%| F|  |TAMS 0x00000000fdc00000, 0x00000000fdc00000| Untracked 
|  29|0x00000000fdd00000, 0x00000000fdd00000, 0x00000000fde00000|  0%| F|  |TAMS 0x00000000fdd00000, 0x00000000fdd00000| Untracked 
|  30|0x00000000fde00000, 0x00000000fde00000, 0x00000000fdf00000|  0%| F|  |TAMS 0x00000000fde00000, 0x00000000fde00000| Untracked 
|  31|0x00000000fdf00000, 0x00000000fdf00000, 0x00000000fe000000|  0%| F|  |TAMS 0x00000000fdf00000, 0x00000000fdf00000| Untracked 
|  32|0x00000000fe000000, 0x00000000fe000000, 0x00000000fe100000|  0%| F|  |TAMS 0x00000000fe000000, 0x00000000fe000000| Untracked 
|  33|0x00000000fe100000, 0x00000000fe100000, 0x00000000fe200000|  0%| F|  |TAMS 0x00000000fe100000, 0x00000000fe100000| Untracked 
|  34|0x00000000fe200000, 0x00000000fe200000, 0x00000000fe300000|  0%| F|  |TAMS 0x00000000fe200000, 0x00000000fe200000| Untracked 
|  35|0x00000000fe300000, 0x00000000fe300000, 0x00000000fe400000|  0%| F|  |TAMS 0x00000000fe300000, 0x00000000fe300000| Untracked 
|  36|0x00000000fe400000, 0x00000000fe400000, 0x00000000fe500000|  0%| F|  |TAMS 0x00000000fe400000, 0x00000000fe400000| Untracked 
|  37|0x00000000fe500000, 0x00000000fe500000, 0x00000000fe600000|  0%| F|  |TAMS 0x00000000fe500000, 0x00000000fe500000| Untracked 
|  38|0x00000000fe600000, 0x00000000fe6c4010, 0x00000000fe700000| 76%| S|CS|TAMS 0x00000000fe600000, 0x00000000fe600000| Complete 
|  39|0x00000000fe700000, 0x00000000fe800000, 0x00000000fe800000|100%| S|CS|TAMS 0x00000000fe700000, 0x00000000fe700000| Complete 
|  40|0x00000000fe800000, 0x00000000fe900000, 0x00000000fe900000|100%| S|CS|TAMS 0x00000000fe800000, 0x00000000fe800000| Complete 
|  41|0x00000000fe900000, 0x00000000fe900000, 0x00000000fea00000|  0%| F|  |TAMS 0x00000000fe900000, 0x00000000fe900000| Untracked 
|  42|0x00000000fea00000, 0x00000000fea00000, 0x00000000feb00000|  0%| F|  |TAMS 0x00000000fea00000, 0x00000000fea00000| Untracked 
|  43|0x00000000feb00000, 0x00000000feb00000, 0x00000000fec00000|  0%| F|  |TAMS 0x00000000feb00000, 0x00000000feb00000| Untracked 
|  44|0x00000000fec00000, 0x00000000fec00000, 0x00000000fed00000|  0%| F|  |TAMS 0x00000000fec00000, 0x00000000fec00000| Untracked 
|  45|0x00000000fed00000, 0x00000000fed00000, 0x00000000fee00000|  0%| F|  |TAMS 0x00000000fed00000, 0x00000000fed00000| Untracked 
|  46|0x00000000fee00000, 0x00000000fee00000, 0x00000000fef00000|  0%| F|  |TAMS 0x00000000fee00000, 0x00000000fee00000| Untracked 
|  47|0x00000000fef00000, 0x00000000fef00000, 0x00000000ff000000|  0%| F|  |TAMS 0x00000000fef00000, 0x00000000fef00000| Untracked 
|  48|0x00000000ff000000, 0x00000000ff000000, 0x00000000ff100000|  0%| F|  |TAMS 0x00000000ff000000, 0x00000000ff000000| Untracked 
|  49|0x00000000ff100000, 0x00000000ff100000, 0x00000000ff200000|  0%| F|  |TAMS 0x00000000ff100000, 0x00000000ff100000| Untracked 
|  50|0x00000000ff200000, 0x00000000ff200000, 0x00000000ff300000|  0%| F|  |TAMS 0x00000000ff200000, 0x00000000ff200000| Untracked 
|  51|0x00000000ff300000, 0x00000000ff300000, 0x00000000ff400000|  0%| F|  |TAMS 0x00000000ff300000, 0x00000000ff300000| Untracked 
|  52|0x00000000ff400000, 0x00000000ff400000, 0x00000000ff500000|  0%| F|  |TAMS 0x00000000ff400000, 0x00000000ff400000| Untracked 
|  53|0x00000000ff500000, 0x00000000ff500000, 0x00000000ff600000|  0%| F|  |TAMS 0x00000000ff500000, 0x00000000ff500000| Untracked 
|  54|0x00000000ff600000, 0x00000000ff600000, 0x00000000ff700000|  0%| F|  |TAMS 0x00000000ff600000, 0x00000000ff600000| Untracked 
|  55|0x00000000ff700000, 0x00000000ff700000, 0x00000000ff800000|  0%| F|  |TAMS 0x00000000ff700000, 0x00000000ff700000| Untracked 
|  56|0x00000000ff800000, 0x00000000ff800000, 0x00000000ff900000|  0%| F|  |TAMS 0x00000000ff800000, 0x00000000ff800000| Untracked 
|  57|0x00000000ff900000, 0x00000000ff900000, 0x00000000ffa00000|  0%| F|  |TAMS 0x00000000ff900000, 0x00000000ff900000| Untracked 
|  58|0x00000000ffa00000, 0x00000000ffb00000, 0x00000000ffb00000|100%| E|  |TAMS 0x00000000ffa00000, 0x00000000ffa00000| Complete 
|  59|0x00000000ffb00000, 0x00000000ffc00000, 0x00000000ffc00000|100%| E|CS|TAMS 0x00000000ffb00000, 0x00000000ffb00000| Complete 
|  60|0x00000000ffc00000, 0x00000000ffd00000, 0x00000000ffd00000|100%| E|CS|TAMS 0x00000000ffc00000, 0x00000000ffc00000| Complete 
|  61|0x00000000ffd00000, 0x00000000ffe00000, 0x00000000ffe00000|100%| E|CS|TAMS 0x00000000ffd00000, 0x00000000ffd00000| Complete 
|  62|0x00000000ffe00000, 0x00000000fff00000, 0x00000000fff00000|100%| E|CS|TAMS 0x00000000ffe00000, 0x00000000ffe00000| Complete 
|  63|0x00000000fff00000, 0x0000000100000000, 0x0000000100000000|100%| E|CS|TAMS 0x00000000fff00000, 0x00000000fff00000| Complete 

Card table byte_map: [0x000002b253a60000,0x000002b253a80000] _byte_map_base: 0x000002b253280000

Marking Bits (Prev, Next): (CMBitMap*) 0x000002b255b35020, (CMBitMap*) 0x000002b255b35060
 Prev Bits: [0x000002b26dce0000, 0x000002b26dde0000)
 Next Bits: [0x000002b26dde0000, 0x000002b26dee0000)

Polling page: 0x000002b2539f0000

Metaspace:

Usage:
  Non-class:      1.82 MB used.
      Class:    185.01 KB used.
       Both:      2.00 MB used.

Virtual space:
  Non-class space:       64.00 MB reserved,       1.88 MB (  3%) committed,  1 nodes.
      Class space:        1.00 GB reserved,     256.00 KB ( <1%) committed,  1 nodes.
             Both:        1.06 GB reserved,       2.12 MB ( <1%) committed. 

Chunk freelists:
   Non-Class:  11.64 MB
       Class:  15.66 MB
        Both:  27.30 MB

MaxMetaspaceSize: unlimited
CompressedClassSpaceSize: 1.00 GB
Initial GC threshold: 21.00 MB
Current GC threshold: 21.00 MB
CDS: on
MetaspaceReclaimPolicy: balanced
 - commit_granule_bytes: 65536.
 - commit_granule_words: 8192.
 - virtual_space_node_default_size: 8388608.
 - enlarge_chunks_in_place: 1.
 - new_chunks_are_fully_committed: 0.
 - uncommit_free_chunks: 1.
 - use_allocation_guard: 0.
 - handle_deallocations: 1.


Internal statistics:

num_allocs_failed_limit: 0.
num_arena_births: 14.
num_arena_deaths: 0.
num_vsnodes_births: 2.
num_vsnodes_deaths: 0.
num_space_committed: 34.
num_space_uncommitted: 0.
num_chunks_returned_to_freelist: 0.
num_chunks_taken_from_freelist: 51.
num_chunk_merges: 0.
num_chunk_splits: 28.
num_chunks_enlarged: 22.
num_inconsistent_stats: 0.

CodeHeap 'non-profiled nmethods': size=120000Kb used=318Kb max_used=318Kb free=119682Kb
 bounds [0x000002b266480000, 0x000002b2666f0000, 0x000002b26d9b0000]
CodeHeap 'profiled nmethods': size=120000Kb used=1401Kb max_used=1401Kb free=118598Kb
 bounds [0x000002b25e9b0000, 0x000002b25ec20000, 0x000002b265ee0000]
CodeHeap 'non-nmethods': size=5760Kb used=1132Kb max_used=1152Kb free=4627Kb
 bounds [0x000002b265ee0000, 0x000002b266150000, 0x000002b266480000]
 total_blobs=1168 nmethods=765 adapters=316
 compilation: enabled
              stopped_count=0, restarted_count=0
 full_count=0

Compilation events (20 events):
Event: 2.906 Thread 0x000002b2708fcfa0  755       3       java.nio.CharBuffer::limit (6 bytes)
Event: 2.906 Thread 0x000002b2708fcfa0 nmethod 755 0x000002b25eb07f10 code [0x000002b25eb080c0, 0x000002b25eb08268]
Event: 2.907 Thread 0x000002b2708fcfa0  756       3       java.util.jar.JarFile::getVersionedEntry (133 bytes)
Event: 2.908 Thread 0x000002b2708fcfa0 nmethod 756 0x000002b25eb08310 code [0x000002b25eb085e0, 0x000002b25eb09378]
Event: 2.910 Thread 0x000002b2708fcfa0  757       3       java.util.zip.ZipFile$InflaterCleanupAction::run (12 bytes)
Event: 2.910 Thread 0x000002b2708fcfa0 nmethod 757 0x000002b25eb09910 code [0x000002b25eb09ac0, 0x000002b25eb09c28]
Event: 2.910 Thread 0x000002b2708fcfa0  758   !   3       java.util.zip.ZipFile$CleanableResource::releaseInflater (53 bytes)
Event: 2.910 Thread 0x000002b2708fcfa0 nmethod 758 0x000002b25eb09d10 code [0x000002b25eb09ee0, 0x000002b25eb0a308]
Event: 2.910 Thread 0x000002b2708fcfa0  759   !   3       java.util.zip.Inflater::reset (64 bytes)
Event: 2.911 Thread 0x000002b2708fcfa0 nmethod 759 0x000002b25eb0a510 code [0x000002b25eb0a6e0, 0x000002b25eb0aa58]
Event: 2.923 Thread 0x000002b2708fcfa0  760       3       java.lang.System$2::findBootstrapClassOrNull (5 bytes)
Event: 2.924 Thread 0x000002b2708fcfa0 nmethod 760 0x000002b25eb0ac10 code [0x000002b25eb0adc0, 0x000002b25eb0afd8]
Event: 2.924 Thread 0x000002b2708fcfa0  761       3       java.lang.ClassLoader::findBootstrapClassOrNull (14 bytes)
Event: 2.925 Thread 0x000002b2708fcfa0 nmethod 761 0x000002b25eb0b110 code [0x000002b25eb0b2c0, 0x000002b25eb0b478]
Event: 2.926 Thread 0x000002b2708fcfa0  762       3       java.lang.ClassLoader::loadClass (7 bytes)
Event: 2.926 Thread 0x000002b2708fcfa0 nmethod 762 0x000002b25eb0b510 code [0x000002b25eb0b6c0, 0x000002b25eb0b888]
Event: 2.926 Thread 0x000002b2708fcfa0  763       3       jdk.internal.loader.BuiltinClassLoader::loadClass (22 bytes)
Event: 2.926 Thread 0x000002b2708fcfa0 nmethod 763 0x000002b25eb0b910 code [0x000002b25eb0bac0, 0x000002b25eb0bd78]
Event: 2.926 Thread 0x000002b2708fcfa0  764       3       jdk.internal.loader.ClassLoaders$BootClassLoader::loadClassOrNull (10 bytes)
Event: 2.927 Thread 0x000002b2708fcfa0 nmethod 764 0x000002b25eb0be90 code [0x000002b25eb0c060, 0x000002b25eb0c2f8]

GC Heap History (2 events):
Event: 2.140 GC heap before
{Heap before GC invocations=0 (full 0):
 garbage-first heap   total 65536K, used 22528K [0x00000000fc000000, 0x0000000100000000)
  region size 1024K, 23 young (23552K), 0 survivors (0K)
 Metaspace       used 1815K, committed 1920K, reserved 1114112K
  class space    used 160K, committed 192K, reserved 1048576K
}
Event: 2.149 GC heap after
{Heap after GC invocations=1 (full 0):
 garbage-first heap   total 65536K, used 2832K [0x00000000fc000000, 0x0000000100000000)
  region size 1024K, 3 young (3072K), 3 survivors (3072K)
 Metaspace       used 1815K, committed 1920K, reserved 1114112K
  class space    used 160K, committed 192K, reserved 1048576K
}

Dll operation events (7 events):
Event: 0.030 Loaded shared library C:\Program Files\OpenLogic\jdk-17.0.13.11-hotspot\bin\java.dll
Event: 0.067 Loaded shared library C:\Program Files\OpenLogic\jdk-17.0.13.11-hotspot\bin\jsvml.dll
Event: 0.147 Loaded shared library C:\Program Files\OpenLogic\jdk-17.0.13.11-hotspot\bin\net.dll
Event: 0.156 Loaded shared library C:\Program Files\OpenLogic\jdk-17.0.13.11-hotspot\bin\nio.dll
Event: 0.163 Loaded shared library C:\Program Files\OpenLogic\jdk-17.0.13.11-hotspot\bin\zip.dll
Event: 0.175 Loaded shared library C:\Program Files\OpenLogic\jdk-17.0.13.11-hotspot\bin\verify.dll
Event: 1.840 Loaded shared library C:\Program Files\OpenLogic\jdk-17.0.13.11-hotspot\bin\jimage.dll

Deoptimization events (20 events):
Event: 2.088 Thread 0x000002b255b15a80 Uncommon trap: trap_request=0xffffff45 fr.pc=0x000002b2664a6d94 relative=0x0000000000000174
Event: 2.088 Thread 0x000002b255b15a80 Uncommon trap: reason=unstable_if action=reinterpret pc=0x000002b2664a6d94 method=java.util.zip.ZipFile$Source.isMetaName([BII)Z @ 43 c2
Event: 2.088 Thread 0x000002b255b15a80 DEOPT PACKING pc=0x000002b2664a6d94 sp=0x000000f1276fc2a0
Event: 2.088 Thread 0x000002b255b15a80 DEOPT UNPACKING pc=0x000002b265f3a1a3 sp=0x000000f1276fc230 mode 2
Event: 2.735 Thread 0x000002b255b15a80 Uncommon trap: trap_request=0xffffff45 fr.pc=0x000002b2664c2b14 relative=0x0000000000000954
Event: 2.735 Thread 0x000002b255b15a80 Uncommon trap: reason=unstable_if action=reinterpret pc=0x000002b2664c2b14 method=java.util.zip.ZipCoder$UTF8ZipCoder.checkedHash([BII)I @ 27 c2
Event: 2.735 Thread 0x000002b255b15a80 DEOPT PACKING pc=0x000002b2664c2b14 sp=0x000000f1276fc2c0
Event: 2.735 Thread 0x000002b255b15a80 DEOPT UNPACKING pc=0x000002b265f3a1a3 sp=0x000000f1276fc218 mode 2
Event: 2.735 Thread 0x000002b255b15a80 Uncommon trap: trap_request=0xffffff45 fr.pc=0x000002b2664a41b4 relative=0x00000000000001b4
Event: 2.735 Thread 0x000002b255b15a80 Uncommon trap: reason=unstable_if action=reinterpret pc=0x000002b2664a41b4 method=java.lang.String.hashCode()I @ 20 c2
Event: 2.735 Thread 0x000002b255b15a80 DEOPT PACKING pc=0x000002b2664a41b4 sp=0x000000f1276fc150
Event: 2.735 Thread 0x000002b255b15a80 DEOPT UNPACKING pc=0x000002b265f3a1a3 sp=0x000000f1276fc0e0 mode 2
Event: 2.736 Thread 0x000002b255b15a80 Uncommon trap: trap_request=0xffffff45 fr.pc=0x000002b2664c5818 relative=0x0000000000000178
Event: 2.736 Thread 0x000002b255b15a80 Uncommon trap: reason=unstable_if action=reinterpret pc=0x000002b2664c5818 method=java.util.zip.ZipFile$Source.isMetaName([BII)Z @ 57 c2
Event: 2.736 Thread 0x000002b255b15a80 DEOPT PACKING pc=0x000002b2664c5818 sp=0x000000f1276fc360
Event: 2.736 Thread 0x000002b255b15a80 DEOPT UNPACKING pc=0x000002b265f3a1a3 sp=0x000000f1276fc2f0 mode 2
Event: 2.833 Thread 0x000002b255b15a80 DEOPT PACKING pc=0x000002b25eabcd4f sp=0x000000f1276fc3f0
Event: 2.833 Thread 0x000002b255b15a80 DEOPT UNPACKING pc=0x000002b265f3ace3 sp=0x000000f1276fb850 mode 0
Event: 2.848 Thread 0x000002b255b15a80 DEOPT PACKING pc=0x000002b25eab6502 sp=0x000000f1276fc3a0
Event: 2.848 Thread 0x000002b255b15a80 DEOPT UNPACKING pc=0x000002b265f3ace3 sp=0x000000f1276fb930 mode 0

Classes loaded (20 events):
Event: 0.289 Loading class java/io/FilePermissionCollection
Event: 0.290 Loading class java/io/FilePermissionCollection done
Event: 0.290 Loading class java/util/Vector
Event: 0.290 Loading class java/util/Vector done
Event: 0.290 Loading class java/io/FilePermissionCollection$1
Event: 0.290 Loading class java/io/FilePermissionCollection$1 done
Event: 0.311 Loading class java/net/MalformedURLException
Event: 0.311 Loading class java/net/MalformedURLException done
Event: 0.314 Loading class java/io/FileFilter
Event: 0.314 Loading class java/io/FileFilter done
Event: 0.357 Loading class java/util/AbstractList$Itr
Event: 0.357 Loading class java/util/AbstractList$Itr done
Event: 0.382 Loading class java/lang/invoke/DirectMethodHandle$Special
Event: 0.383 Loading class java/lang/invoke/DirectMethodHandle$Special done
Event: 1.967 Loading class java/io/BufferedReader
Event: 1.967 Loading class java/io/BufferedReader done
Event: 1.967 Loading class sun/nio/cs/StreamDecoder
Event: 1.968 Loading class sun/nio/cs/StreamDecoder done
Event: 2.912 Loading class java/util/concurrent/atomic/AtomicReference
Event: 2.915 Loading class java/util/concurrent/atomic/AtomicReference done

Classes unloaded (0 events):
No events

Classes redefined (0 events):
No events

Internal exceptions (1 events):
Event: 0.306 Thread 0x000002b255b15a80 Exception <a 'java/lang/NoSuchMethodError'{0x00000000ffc66b88}: 'int java.lang.invoke.DirectMethodHandle$Holder.invokeStaticInit(java.lang.Object, java.lang.Object)'> (0x00000000ffc66b88) 
thrown [s\src\hotspot\share\interpreter\linkResolver.cpp, line 759]

VM Operations (6 events):
Event: 0.165 Executing VM operation: HandshakeAllThreads
Event: 0.165 Executing VM operation: HandshakeAllThreads done
Event: 1.167 Executing VM operation: Cleanup
Event: 1.167 Executing VM operation: Cleanup done
Event: 2.140 Executing VM operation: G1CollectForAllocation
Event: 2.149 Executing VM operation: G1CollectForAllocation done

Memory protections (0 events):
No events

Nmethod flushes (0 events):
No events

Events (12 events):
Event: 0.067 Thread 0x000002b255b15a80 Thread added: 0x000002b255b15a80
Event: 0.071 Thread 0x000002b255b15a80 Thread added: 0x000002b2708cb7e0
Event: 0.071 Thread 0x000002b255b15a80 Thread added: 0x000002b2708ccb40
Event: 0.098 Thread 0x000002b255b15a80 Thread added: 0x000002b2708e29c0
Event: 0.098 Thread 0x000002b255b15a80 Thread added: 0x000002b2708e3580
Event: 0.098 Thread 0x000002b255b15a80 Thread added: 0x000002b2708e8430
Event: 0.098 Thread 0x000002b255b15a80 Thread added: 0x000002b2708ec850
Event: 0.098 Thread 0x000002b255b15a80 Thread added: 0x000002b2708ef040
Event: 0.099 Thread 0x000002b255b15a80 Thread added: 0x000002b2708fcfa0
Event: 0.099 Thread 0x000002b255b15a80 Thread added: 0x000002b270902910
Event: 0.132 Thread 0x000002b255b15a80 Thread added: 0x000002b270b43150
Event: 0.137 Thread 0x000002b255b15a80 Thread added: 0x000002b270b42730


Dynamic libraries:
0x00007ff7d2b30000 - 0x00007ff7d2b3e000 	C:\Program Files\OpenLogic\jdk-17.0.13.11-hotspot\bin\java.exe
0x00007ffccf150000 - 0x00007ffccf367000 	C:\WINDOWS\SYSTEM32\ntdll.dll
0x00007ffccea90000 - 0x00007ffcceb54000 	C:\WINDOWS\System32\KERNEL32.DLL
0x00007ffccc9b0000 - 0x00007ffcccd6a000 	C:\WINDOWS\System32\KERNELBASE.dll
0x00007ffccc5f0000 - 0x00007ffccc701000 	C:\WINDOWS\System32\ucrtbase.dll
0x00007ffc5c930000 - 0x00007ffc5c94b000 	C:\Program Files\OpenLogic\jdk-17.0.13.11-hotspot\bin\VCRUNTIME140.dll
0x00007ffc5c840000 - 0x00007ffc5c857000 	C:\Program Files\OpenLogic\jdk-17.0.13.11-hotspot\bin\jli.dll
0x00007ffccde20000 - 0x00007ffccdfce000 	C:\WINDOWS\System32\USER32.dll
0x00007ffccc810000 - 0x00007ffccc836000 	C:\WINDOWS\System32\win32u.dll
0x00007ffcceb60000 - 0x00007ffcceb89000 	C:\WINDOWS\System32\GDI32.dll
0x00007ffccc4d0000 - 0x00007ffccc5eb000 	C:\WINDOWS\System32\gdi32full.dll
0x00007ffccc430000 - 0x00007ffccc4ca000 	C:\WINDOWS\System32\msvcp_win.dll
0x00007ffcb1e10000 - 0x00007ffcb20a2000 	C:\WINDOWS\WinSxS\amd64_microsoft.windows.common-controls_6595b64144ccf1df_6.0.22621.4541_none_2710d1c57384c085\COMCTL32.dll
0x00007ffccdbf0000 - 0x00007ffccdc97000 	C:\WINDOWS\System32\msvcrt.dll
0x00007ffccdca0000 - 0x00007ffccdcd1000 	C:\WINDOWS\System32\IMM32.DLL
0x0000000070ad0000 - 0x0000000070adc000 	C:\Program Files (x86)\360\Total Security\safemon\SafeWrapper.dll
0x00007ffccd5b0000 - 0x00007ffccd662000 	C:\WINDOWS\System32\ADVAPI32.dll
0x00007ffccdd60000 - 0x00007ffccde07000 	C:\WINDOWS\System32\sechost.dll
0x00007ffcccd70000 - 0x00007ffcccd98000 	C:\WINDOWS\System32\bcrypt.dll
0x00007ffcce850000 - 0x00007ffcce964000 	C:\WINDOWS\System32\RPCRT4.dll
0x00007ffc47fd0000 - 0x00007ffc4807c000 	C:\Program Files (x86)\360\Total Security\safemon\libzdtp64.dll
0x00007ffccdfd0000 - 0x00007ffcce848000 	C:\WINDOWS\System32\SHELL32.dll
0x00007ffccdcf0000 - 0x00007ffccdd4e000 	C:\WINDOWS\System32\SHLWAPI.dll
0x00007ffccbf80000 - 0x00007ffccbf8a000 	C:\WINDOWS\SYSTEM32\VERSION.dll
0x00007ffc60360000 - 0x00007ffc6036c000 	C:\Program Files\OpenLogic\jdk-17.0.13.11-hotspot\bin\vcruntime140_1.dll
0x00007ffc37be0000 - 0x00007ffc37c6d000 	C:\Program Files\OpenLogic\jdk-17.0.13.11-hotspot\bin\msvcp140.dll
0x00007ffbf6fe0000 - 0x00007ffbf7c4c000 	C:\Program Files\OpenLogic\jdk-17.0.13.11-hotspot\bin\server\jvm.dll
0x00007ffccd6f0000 - 0x00007ffccd761000 	C:\WINDOWS\System32\WS2_32.dll
0x00007ffccc300000 - 0x00007ffccc34d000 	C:\WINDOWS\SYSTEM32\POWRPROF.dll
0x00007ffcc5740000 - 0x00007ffcc5774000 	C:\WINDOWS\SYSTEM32\WINMM.dll
0x00007ffccc290000 - 0x00007ffccc2a3000 	C:\WINDOWS\SYSTEM32\UMPDC.dll
0x00007ffccb3c0000 - 0x00007ffccb3d8000 	C:\WINDOWS\SYSTEM32\kernel.appcore.dll
0x00007ffc5fea0000 - 0x00007ffc5feaa000 	C:\Program Files\OpenLogic\jdk-17.0.13.11-hotspot\bin\jimage.dll
0x00007ffcc9920000 - 0x00007ffcc9b52000 	C:\WINDOWS\SYSTEM32\DBGHELP.DLL
0x00007ffcced30000 - 0x00007ffccf0bf000 	C:\WINDOWS\System32\combase.dll
0x00007ffccce60000 - 0x00007ffcccf37000 	C:\WINDOWS\System32\OLEAUT32.dll
0x00007ffcb2140000 - 0x00007ffcb2172000 	C:\WINDOWS\SYSTEM32\dbgcore.DLL
0x00007ffccc790000 - 0x00007ffccc80b000 	C:\WINDOWS\System32\bcryptPrimitives.dll
0x00007ffc57690000 - 0x00007ffc576b5000 	C:\Program Files\OpenLogic\jdk-17.0.13.11-hotspot\bin\java.dll
0x00007ffc37b00000 - 0x00007ffc37bd6000 	C:\Program Files\OpenLogic\jdk-17.0.13.11-hotspot\bin\jsvml.dll
0x00007ffcca2b0000 - 0x00007ffccabb8000 	C:\WINDOWS\SYSTEM32\windows.storage.dll
0x00007ffcca170000 - 0x00007ffcca2af000 	C:\WINDOWS\SYSTEM32\wintypes.dll
0x00007ffccd300000 - 0x00007ffccd3fa000 	C:\WINDOWS\System32\SHCORE.dll
0x00007ffccc360000 - 0x00007ffccc38b000 	C:\WINDOWS\SYSTEM32\profapi.dll
0x00007ffc57ec0000 - 0x00007ffc57ed9000 	C:\Program Files\OpenLogic\jdk-17.0.13.11-hotspot\bin\net.dll
0x00007ffcc87d0000 - 0x00007ffcc8906000 	C:\WINDOWS\SYSTEM32\WINHTTP.dll
0x00007ffccb830000 - 0x00007ffccb899000 	C:\WINDOWS\system32\mswsock.dll
0x00007ffc57ac0000 - 0x00007ffc57ad6000 	C:\Program Files\OpenLogic\jdk-17.0.13.11-hotspot\bin\nio.dll
0x00007ffc57670000 - 0x00007ffc57688000 	C:\Program Files\OpenLogic\jdk-17.0.13.11-hotspot\bin\zip.dll
0x00007ffc5f890000 - 0x00007ffc5f8a0000 	C:\Program Files\OpenLogic\jdk-17.0.13.11-hotspot\bin\verify.dll

dbghelp: loaded successfully - version: 4.0.5 - missing functions: none
symbol engine: initialized successfully - sym options: 0x614 - pdb path: .;C:\Program Files\OpenLogic\jdk-17.0.13.11-hotspot\bin;C:\WINDOWS\SYSTEM32;C:\WINDOWS\WinSxS\amd64_microsoft.windows.common-controls_6595b64144ccf1df_6.0.22621.4541_none_2710d1c57384c085;C:\Program Files (x86)\360\Total Security\safemon;C:\Program Files\OpenLogic\jdk-17.0.13.11-hotspot\bin\server

VM Arguments:
jvm_args: -Xmx64m -Xms64m -Dorg.gradle.appname=gradlew 
java_command: org.gradle.wrapper.GradleWrapperMain app:installDebug -PreactNativeDevServerPort=8081
java_class_path (initial): C:\Users\ADEOYE MARVELLOUS\Final Assessment App\AuthAssessment\android\\gradle\wrapper\gradle-wrapper.jar
Launcher Type: SUN_STANDARD

[Global flags]
     intx CICompilerCount                          = 4                                         {product} {ergonomic}
     uint ConcGCThreads                            = 2                                         {product} {ergonomic}
     uint G1ConcRefinementThreads                  = 8                                         {product} {ergonomic}
   size_t G1HeapRegionSize                         = 1048576                                   {product} {ergonomic}
    uintx GCDrainStackTargetSize                   = 64                                        {product} {ergonomic}
   size_t InitialHeapSize                          = 67108864                                  {product} {command line}
   size_t MarkStackSize                            = 4194304                                   {product} {ergonomic}
   size_t MaxHeapSize                              = 67108864                                  {product} {command line}
   size_t MaxNewSize                               = 39845888                                  {product} {ergonomic}
   size_t MinHeapDeltaBytes                        = 1048576                                   {product} {ergonomic}
   size_t MinHeapSize                              = 67108864                                  {product} {command line}
    uintx NonNMethodCodeHeapSize                   = 5839372                                {pd product} {ergonomic}
    uintx NonProfiledCodeHeapSize                  = 122909434                              {pd product} {ergonomic}
    uintx ProfiledCodeHeapSize                     = 122909434                              {pd product} {ergonomic}
    uintx ReservedCodeCacheSize                    = 251658240                              {pd product} {ergonomic}
     bool SegmentedCodeCache                       = true                                      {product} {ergonomic}
   size_t SoftMaxHeapSize                          = 67108864                               {manageable} {ergonomic}
     bool UseCompressedClassPointers               = true                           {product lp64_product} {ergonomic}
     bool UseCompressedOops                        = true                           {product lp64_product} {ergonomic}
     bool UseG1GC                                  = true                                      {product} {ergonomic}
     bool UseLargePagesIndividualAllocation        = false                                  {pd product} {ergonomic}

Logging:
Log output configuration:
 #0: stdout all=warning uptime,level,tags
 #1: stderr all=off uptime,level,tags

Environment Variables:
JAVA_HOME=C:\Program Files\OpenLogic\jdk-17.0.13.11-hotspot
CLASSPATH=C:\Users\ADEOYE MARVELLOUS\Final Assessment App\AuthAssessment\android\\gradle\wrapper\gradle-wrapper.jar
PATH=C:\Users\ADEOYE MARVELLOUS\Final Assessment App\AuthAssessment\node_modules\.bin;C:\Users\ADEOYE MARVELLOUS\Final Assessment App\AuthAssessment\node_modules\.bin;C:\Users\ADEOYE MARVELLOUS\Final Assessment App\node_modules\.bin;C:\Users\ADEOYE MARVELLOUS\node_modules\.bin;C:\Users\node_modules\.bin;C:\node_modules\.bin;C:\Users\ADEOYEMARVELLOUS\AppData\Roaming\nvm\v21.1.0\node_modules\npm\node_modules\@npmcli\run-script\lib\node-gyp-bin;C:\Users\ADEOYE MARVELLOUS\Final Assessment App\AuthAssessment\node_modules\.bin;C:\Users\ADEOYE MARVELLOUS\Final Assessment App\AuthAssessment\node_modules\.bin;C:\Users\ADEOYE MARVELLOUS\Final Assessment App\node_modules\.bin;C:\Users\ADEOYE MARVELLOUS\node_modules\.bin;C:\Users\node_modules\.bin;C:\node_modules\.bin;C:\Users\ADEOYEMARVELLOUS\AppData\Roaming\nvm\v21.1.0\node_modules\npm\node_modules\@npmcli\run-script\lib\node-gyp-bin;C:\Program Files\Microsoft\jdk-17.0.13.11-hotspot\bin;C:\Program Files\OpenLogic\jdk-17.0.13.11-hotspot\bin;C:\Program Files\Common Files\Oracle\Java\javapath;C:\Program Files\Eclipse Adoptium\jdk-11.0.24.8-hotspot\bin;C:\Program Files (x86)\Common Files\Intel\Shared Libraries\redist\intel64\compiler;C:\WINDOWS\system32;C:\WINDOWS;C:\WINDOWS\System32\Wbem;C:\WINDOWS\System32\WindowsPowerShell\v1.0\;C:\WINDOWS\System32\OpenSSH\;C:\Program Files\Azure Data Studio\bin;C:\Program Files\Microsoft SQL Server\Client SDK\ODBC\170\Tools\Binn\;C:\Program Files (x86)\Microsoft SQL Server\150\Tools\Binn\;C:\Program Files\Microsoft SQL Server\150\Tools\Binn\;C:\Program Files\Microsoft SQL Server\150\DTS\Binn\;C:\Program Files\Microsoft\Web Platform Installer\;C:\Program Files\Docker\Docker\resources\bin;C:\ProgramData\DockerDesktop\version-bin;C:\Program Files (x86)\HP\IdrsOCR_15.2.10.1114\;C:\ProgramData\chocolatey\bin;C:\Program Files (x86)\Yarn\bin\;C:\Program Files (x86)\Microsoft SQL Server\150\DTS\Binn\;C:\Program Files\dotnet\;C:\Program Files (x86)\QuickTime\QTSystem\;C:\Program Files\PostgreSQL\14\bin;C
USERNAME=ADEOYE MARVELLOUS
OS=Windows_NT
PROCESSOR_IDENTIFIER=Intel64 Family 6 Model 140 Stepping 1, GenuineIntel
TMP=C:\Users\ADEOYE~1\AppData\Local\Temp
TEMP=C:\Users\ADEOYE~1\AppData\Local\Temp



Periodic native trim disabled


---------------  S Y S T E M  ---------------

OS:
 Windows 11 , 64 bit Build 22621 (10.0.22621.4391)
OS uptime: 0 days 11:24 hours
Hyper-V role detected

CPU: total 8 (initial active 8) (4 cores per cpu, 2 threads per core) family 6 model 140 stepping 1 microcode 0xac, cx8, cmov, fxsr, ht, mmx, 3dnowpref, sse, sse2, sse3, ssse3, sse4.1, sse4.2, popcnt, lzcnt, tsc, tscinvbit, avx, avx2, aes, erms, clmul, bmi1, bmi2, adx, avx512f, avx512dq, avx512cd, avx512bw, avx512vl, sha, fma, vzeroupper, avx512_vpopcntdq, avx512_vpclmulqdq, avx512_vaes, avx512_vnni, clflush, clflushopt, clwb, avx512_vbmi2, avx512_vbmi, hv
Processor Information for all 8 processors :
  Max Mhz: 2419, Current Mhz: 2419, Mhz Limit: 2419

Memory: 4k page, system-wide physical 7957M (142M free)
TotalPageFile size 32533M (AvailPageFile size 0M)
current process WorkingSet (physical memory assigned to process): 76M, peak: 76M
current process commit charge ("private bytes"): 156M, peak: 157M

vm_info: OpenJDK 64-Bit Server VM (17.0.13+11-adhoc..jdk17u) for windows-amd64 JRE (17.0.13+11-adhoc..jdk17u), built on Oct 18 2024 01:05:13 by "" with MS VC++ 16.10 / 16.11 (VS2019)

END.
