#
# There is insufficient memory for the Java Runtime Environment to continue.
# Native memory allocation (malloc) failed to allocate 503024 bytes. Error detail: Chunk::new
# Possible reasons:
#   The system is out of physical RAM or swap space
#   This process is running with CompressedOops enabled, and the Java Heap may be blocking the growth of the native heap
# Possible solutions:
#   Reduce memory load on the system
#   Increase physical memory or swap space
#   Check if swap backing store is full
#   Decrease Java heap size (-Xmx/-Xms)
#   Decrease number of Java threads
#   Decrease Java thread stack sizes (-Xss)
#   Set larger code cache with -XX:ReservedCodeCacheSize=
#   JVM is running with Unscaled Compressed Oops mode in which the Java heap is
#     placed in the first 4GB address space. The Java Heap base address is the
#     maximum limit for the native heap growth. Please use -XX:HeapBaseMinAddress
#     to set the Java Heap base and to place the Java Heap above 4GB virtual address.
# This output file may be truncated or incomplete.
#
#  Out of Memory Error (arena.cpp:191), pid=23204, tid=13736
#
# JRE version: OpenJDK Runtime Environment OpenLogic-OpenJDK (17.0.13+11) (build 17.0.13+11-adhoc..jdk17u)
# Java VM: OpenJDK 64-Bit Server VM OpenLogic-OpenJDK (17.0.13+11-adhoc..jdk17u, mixed mode, tiered, compressed oops, compressed class ptrs, g1 gc, windows-amd64)
# No core dump will be written. Minidumps are not enabled by default on client versions of Windows
#

---------------  S U M M A R Y ------------

Command Line: -Xmx64m -Xms64m -Dorg.gradle.appname=gradlew org.gradle.wrapper.GradleWrapperMain app:installDebug -PreactNativeDevServerPort=8081

Host: 11th Gen Intel(R) Core(TM) i5-1135G7 @ 2.40GHz, 8 cores, 7G,  Windows 11 , 64 bit Build 22621 (10.0.22621.4391)
Time: Sun Dec  1 23:06:17 2024 W. Central Africa Standard Time elapsed time: 1.051199 seconds (0d 0h 0m 1s)

---------------  T H R E A D  ---------------

Current thread (0x000001aa513af3a0):  JavaThread "C2 CompilerThread2" daemon [_thread_in_native, id=13736, stack(0x00000068f9e00000,0x00000068f9f00000)]


Current CompileTask:
C2:   1051  801  s!   4       jdk.internal.loader.URLClassPath::getLoader (194 bytes)

Stack: [0x00000068f9e00000,0x00000068f9f00000]
Native frames: (J=compiled Java code, j=interpreted, Vv=VM code, C=native code)
V  [jvm.dll+0x680c19]
V  [jvm.dll+0x83888a]
V  [jvm.dll+0x83a34e]
V  [jvm.dll+0x83a9b3]
V  [jvm.dll+0x2481af]
V  [jvm.dll+0xac9f4]
V  [jvm.dll+0xad03c]
V  [jvm.dll+0x3677b7]
V  [jvm.dll+0x331b9a]
V  [jvm.dll+0x33103a]
V  [jvm.dll+0x21a701]
V  [jvm.dll+0x219b41]
V  [jvm.dll+0x1a58ed]
V  [jvm.dll+0x22988d]
V  [jvm.dll+0x227a1c]
V  [jvm.dll+0x7ed737]
V  [jvm.dll+0x7e7b2c]
V  [jvm.dll+0x67fae7]
C  [ucrtbase.dll+0x29333]
C  [KERNEL32.DLL+0x1259d]
C  [ntdll.dll+0x5af38]


---------------  P R O C E S S  ---------------

Threads class SMR info:
_java_thread_list=0x000001aa513b2730, length=14, elements={
0x000001aa31df0fe0, 0x000001aa4cbfa250, 0x000001aa4cbfd1f0, 0x000001aa4cc25a70,
0x000001aa4cc26530, 0x000001aa510046b0, 0x000001aa51007080, 0x000001aa51007e50,
0x000001aa5101d020, 0x000001aa5101d930, 0x000001aa5118dec0, 0x000001aa5119dfe0,
0x000001aa513ecfd0, 0x000001aa513af3a0
}

Java Threads: ( => current thread )
  0x000001aa31df0fe0 JavaThread "main" [_thread_in_vm, id=15424, stack(0x00000068f8a00000,0x00000068f8b00000)]
  0x000001aa4cbfa250 JavaThread "Reference Handler" daemon [_thread_blocked, id=18488, stack(0x00000068f9100000,0x00000068f9200000)]
  0x000001aa4cbfd1f0 JavaThread "Finalizer" daemon [_thread_blocked, id=24052, stack(0x00000068f9200000,0x00000068f9300000)]
  0x000001aa4cc25a70 JavaThread "Signal Dispatcher" daemon [_thread_blocked, id=15976, stack(0x00000068f9300000,0x00000068f9400000)]
  0x000001aa4cc26530 JavaThread "Attach Listener" daemon [_thread_blocked, id=10408, stack(0x00000068f9400000,0x00000068f9500000)]
  0x000001aa510046b0 JavaThread "Service Thread" daemon [_thread_blocked, id=6404, stack(0x00000068f9500000,0x00000068f9600000)]
  0x000001aa51007080 JavaThread "Monitor Deflation Thread" daemon [_thread_blocked, id=24936, stack(0x00000068f9600000,0x00000068f9700000)]
  0x000001aa51007e50 JavaThread "C2 CompilerThread0" daemon [_thread_in_native, id=19956, stack(0x00000068f9700000,0x00000068f9800000)]
  0x000001aa5101d020 JavaThread "C1 CompilerThread0" daemon [_thread_blocked, id=22988, stack(0x00000068f9800000,0x00000068f9900000)]
  0x000001aa5101d930 JavaThread "Sweeper thread" daemon [_thread_blocked, id=15964, stack(0x00000068f9900000,0x00000068f9a00000)]
  0x000001aa5118dec0 JavaThread "Notification Thread" daemon [_thread_blocked, id=13272, stack(0x00000068f9a00000,0x00000068f9b00000)]
  0x000001aa5119dfe0 JavaThread "Common-Cleaner" daemon [_thread_blocked, id=11860, stack(0x00000068f9c00000,0x00000068f9d00000)]
  0x000001aa513ecfd0 JavaThread "C2 CompilerThread1" daemon [_thread_in_native, id=23944, stack(0x00000068f9d00000,0x00000068f9e00000)]
=>0x000001aa513af3a0 JavaThread "C2 CompilerThread2" daemon [_thread_in_native, id=13736, stack(0x00000068f9e00000,0x00000068f9f00000)]

Other Threads:
  0x000001aa4cbd5040 VMThread "VM Thread" [stack: 0x00000068f9000000,0x00000068f9100000] [id=20116]
  0x000001aa5118e3a0 WatcherThread [stack: 0x00000068f9b00000,0x00000068f9c00000] [id=25284]
  0x000001aa31e0faa0 GCTaskThread "GC Thread#0" [stack: 0x00000068f8b00000,0x00000068f8c00000] [id=25396]
  0x000001aa517cab80 GCTaskThread "GC Thread#1" [stack: 0x00000068f9f00000,0x00000068fa000000] [id=9360]
  0x000001aa5193b780 GCTaskThread "GC Thread#2" [stack: 0x00000068fa000000,0x00000068fa100000] [id=24180]
  0x000001aa5193ba40 GCTaskThread "GC Thread#3" [stack: 0x00000068fa100000,0x00000068fa200000] [id=21804]
  0x000001aa31e111f0 ConcurrentGCThread "G1 Main Marker" [stack: 0x00000068f8c00000,0x00000068f8d00000] [id=25360]
  0x000001aa31e11c10 ConcurrentGCThread "G1 Conc#0" [stack: 0x00000068f8d00000,0x00000068f8e00000] [id=19368]
  0x000001aa31e60010 ConcurrentGCThread "G1 Refine#0" [stack: 0x00000068f8e00000,0x00000068f8f00000] [id=23080]
  0x000001aa31e64e20 ConcurrentGCThread "G1 Service" [stack: 0x00000068f8f00000,0x00000068f9000000] [id=1244]

Threads with active compile tasks:
C2 CompilerThread0     1095  803   !   4       jdk.internal.loader.URLClassPath$JarLoader::getResource (65 bytes)
C2 CompilerThread1     1095  800       4       java.util.jar.JarFile::getEntry (35 bytes)
C2 CompilerThread2     1095  801  s!   4       jdk.internal.loader.URLClassPath::getLoader (194 bytes)

VM state: not at safepoint (normal execution)

VM Mutex/Monitor currently owned by a thread: None

Heap address: 0x00000000fc000000, size: 64 MB, Compressed Oops mode: 32-bit

CDS archive(s) not mapped
Compressed class space mapped at: 0x0000000100000000-0x0000000140000000, reserved size: 1073741824
Narrow klass base: 0x0000000000000000, Narrow klass shift: 3, Narrow klass range: 0x140000000

GC Precious Log:
 CPUs: 8 total, 8 available
 Memory: 7957M
 Large Page Support: Disabled
 NUMA Support: Disabled
 Compressed Oops: Enabled (32-bit)
 Heap Region Size: 1M
 Heap Min Capacity: 64M
 Heap Initial Capacity: 64M
 Heap Max Capacity: 64M
 Pre-touch: Disabled
 Parallel Workers: 8
 Concurrent Workers: 2
 Concurrent Refinement Workers: 8
 Periodic GC: Disabled

Heap:
 garbage-first heap   total 65536K, used 14096K [0x00000000fc000000, 0x0000000100000000)
  region size 1024K, 11 young (11264K), 3 survivors (3072K)
 Metaspace       used 8789K, committed 8960K, reserved 1114112K
  class space    used 782K, committed 832K, reserved 1048576K

Heap Regions: E=young(eden), S=young(survivor), O=old, HS=humongous(starts), HC=humongous(continues), CS=collection set, F=free, OA=open archive, CA=closed archive, TAMS=top-at-mark-start (previous, next)
|   0|0x00000000fc000000, 0x00000000fc100000, 0x00000000fc100000|100%|HS|  |TAMS 0x00000000fc000000, 0x00000000fc000000| Complete 
|   1|0x00000000fc100000, 0x00000000fc200000, 0x00000000fc200000|100%|HC|  |TAMS 0x00000000fc100000, 0x00000000fc100000| Complete 
|   2|0x00000000fc200000, 0x00000000fc300000, 0x00000000fc300000|100%|HC|  |TAMS 0x00000000fc200000, 0x00000000fc200000| Complete 
|   3|0x00000000fc300000, 0x00000000fc400000, 0x00000000fc400000|100%|HC|  |TAMS 0x00000000fc300000, 0x00000000fc300000| Complete 
|   4|0x00000000fc400000, 0x00000000fc400000, 0x00000000fc500000|  0%| F|  |TAMS 0x00000000fc400000, 0x00000000fc400000| Untracked 
|   5|0x00000000fc500000, 0x00000000fc500000, 0x00000000fc600000|  0%| F|  |TAMS 0x00000000fc500000, 0x00000000fc500000| Untracked 
|   6|0x00000000fc600000, 0x00000000fc600000, 0x00000000fc700000|  0%| F|  |TAMS 0x00000000fc600000, 0x00000000fc600000| Untracked 
|   7|0x00000000fc700000, 0x00000000fc700000, 0x00000000fc800000|  0%| F|  |TAMS 0x00000000fc700000, 0x00000000fc700000| Untracked 
|   8|0x00000000fc800000, 0x00000000fc800000, 0x00000000fc900000|  0%| F|  |TAMS 0x00000000fc800000, 0x00000000fc800000| Untracked 
|   9|0x00000000fc900000, 0x00000000fc900000, 0x00000000fca00000|  0%| F|  |TAMS 0x00000000fc900000, 0x00000000fc900000| Untracked 
|  10|0x00000000fca00000, 0x00000000fca00000, 0x00000000fcb00000|  0%| F|  |TAMS 0x00000000fca00000, 0x00000000fca00000| Untracked 
|  11|0x00000000fcb00000, 0x00000000fcb00000, 0x00000000fcc00000|  0%| F|  |TAMS 0x00000000fcb00000, 0x00000000fcb00000| Untracked 
|  12|0x00000000fcc00000, 0x00000000fcc00000, 0x00000000fcd00000|  0%| F|  |TAMS 0x00000000fcc00000, 0x00000000fcc00000| Untracked 
|  13|0x00000000fcd00000, 0x00000000fcd00000, 0x00000000fce00000|  0%| F|  |TAMS 0x00000000fcd00000, 0x00000000fcd00000| Untracked 
|  14|0x00000000fce00000, 0x00000000fce00000, 0x00000000fcf00000|  0%| F|  |TAMS 0x00000000fce00000, 0x00000000fce00000| Untracked 
|  15|0x00000000fcf00000, 0x00000000fcf00000, 0x00000000fd000000|  0%| F|  |TAMS 0x00000000fcf00000, 0x00000000fcf00000| Untracked 
|  16|0x00000000fd000000, 0x00000000fd000000, 0x00000000fd100000|  0%| F|  |TAMS 0x00000000fd000000, 0x00000000fd000000| Untracked 
|  17|0x00000000fd100000, 0x00000000fd100000, 0x00000000fd200000|  0%| F|  |TAMS 0x00000000fd100000, 0x00000000fd100000| Untracked 
|  18|0x00000000fd200000, 0x00000000fd200000, 0x00000000fd300000|  0%| F|  |TAMS 0x00000000fd200000, 0x00000000fd200000| Untracked 
|  19|0x00000000fd300000, 0x00000000fd300000, 0x00000000fd400000|  0%| F|  |TAMS 0x00000000fd300000, 0x00000000fd300000| Untracked 
|  20|0x00000000fd400000, 0x00000000fd400000, 0x00000000fd500000|  0%| F|  |TAMS 0x00000000fd400000, 0x00000000fd400000| Untracked 
|  21|0x00000000fd500000, 0x00000000fd500000, 0x00000000fd600000|  0%| F|  |TAMS 0x00000000fd500000, 0x00000000fd500000| Untracked 
|  22|0x00000000fd600000, 0x00000000fd600000, 0x00000000fd700000|  0%| F|  |TAMS 0x00000000fd600000, 0x00000000fd600000| Untracked 
|  23|0x00000000fd700000, 0x00000000fd700000, 0x00000000fd800000|  0%| F|  |TAMS 0x00000000fd700000, 0x00000000fd700000| Untracked 
|  24|0x00000000fd800000, 0x00000000fd800000, 0x00000000fd900000|  0%| F|  |TAMS 0x00000000fd800000, 0x00000000fd800000| Untracked 
|  25|0x00000000fd900000, 0x00000000fd900000, 0x00000000fda00000|  0%| F|  |TAMS 0x00000000fd900000, 0x00000000fd900000| Untracked 
|  26|0x00000000fda00000, 0x00000000fda00000, 0x00000000fdb00000|  0%| F|  |TAMS 0x00000000fda00000, 0x00000000fda00000| Untracked 
|  27|0x00000000fdb00000, 0x00000000fdb00000, 0x00000000fdc00000|  0%| F|  |TAMS 0x00000000fdb00000, 0x00000000fdb00000| Untracked 
|  28|0x00000000fdc00000, 0x00000000fdc00000, 0x00000000fdd00000|  0%| F|  |TAMS 0x00000000fdc00000, 0x00000000fdc00000| Untracked 
|  29|0x00000000fdd00000, 0x00000000fdd00000, 0x00000000fde00000|  0%| F|  |TAMS 0x00000000fdd00000, 0x00000000fdd00000| Untracked 
|  30|0x00000000fde00000, 0x00000000fde00000, 0x00000000fdf00000|  0%| F|  |TAMS 0x00000000fde00000, 0x00000000fde00000| Untracked 
|  31|0x00000000fdf00000, 0x00000000fdf00000, 0x00000000fe000000|  0%| F|  |TAMS 0x00000000fdf00000, 0x00000000fdf00000| Untracked 
|  32|0x00000000fe000000, 0x00000000fe000000, 0x00000000fe100000|  0%| F|  |TAMS 0x00000000fe000000, 0x00000000fe000000| Untracked 
|  33|0x00000000fe100000, 0x00000000fe100000, 0x00000000fe200000|  0%| F|  |TAMS 0x00000000fe100000, 0x00000000fe100000| Untracked 
|  34|0x00000000fe200000, 0x00000000fe200000, 0x00000000fe300000|  0%| F|  |TAMS 0x00000000fe200000, 0x00000000fe200000| Untracked 
|  35|0x00000000fe300000, 0x00000000fe300000, 0x00000000fe400000|  0%| F|  |TAMS 0x00000000fe300000, 0x00000000fe300000| Untracked 
|  36|0x00000000fe400000, 0x00000000fe400000, 0x00000000fe500000|  0%| F|  |TAMS 0x00000000fe400000, 0x00000000fe400000| Untracked 
|  37|0x00000000fe500000, 0x00000000fe500000, 0x00000000fe600000|  0%| F|  |TAMS 0x00000000fe500000, 0x00000000fe500000| Untracked 
|  38|0x00000000fe600000, 0x00000000fe6c4010, 0x00000000fe700000| 76%| S|CS|TAMS 0x00000000fe600000, 0x00000000fe600000| Complete 
|  39|0x00000000fe700000, 0x00000000fe800000, 0x00000000fe800000|100%| S|CS|TAMS 0x00000000fe700000, 0x00000000fe700000| Complete 
|  40|0x00000000fe800000, 0x00000000fe900000, 0x00000000fe900000|100%| S|CS|TAMS 0x00000000fe800000, 0x00000000fe800000| Complete 
|  41|0x00000000fe900000, 0x00000000fe900000, 0x00000000fea00000|  0%| F|  |TAMS 0x00000000fe900000, 0x00000000fe900000| Untracked 
|  42|0x00000000fea00000, 0x00000000fea00000, 0x00000000feb00000|  0%| F|  |TAMS 0x00000000fea00000, 0x00000000fea00000| Untracked 
|  43|0x00000000feb00000, 0x00000000feb00000, 0x00000000fec00000|  0%| F|  |TAMS 0x00000000feb00000, 0x00000000feb00000| Untracked 
|  44|0x00000000fec00000, 0x00000000fec00000, 0x00000000fed00000|  0%| F|  |TAMS 0x00000000fec00000, 0x00000000fec00000| Untracked 
|  45|0x00000000fed00000, 0x00000000fed00000, 0x00000000fee00000|  0%| F|  |TAMS 0x00000000fed00000, 0x00000000fed00000| Untracked 
|  46|0x00000000fee00000, 0x00000000fee00000, 0x00000000fef00000|  0%| F|  |TAMS 0x00000000fee00000, 0x00000000fee00000| Untracked 
|  47|0x00000000fef00000, 0x00000000fef00000, 0x00000000ff000000|  0%| F|  |TAMS 0x00000000fef00000, 0x00000000fef00000| Untracked 
|  48|0x00000000ff000000, 0x00000000ff000000, 0x00000000ff100000|  0%| F|  |TAMS 0x00000000ff000000, 0x00000000ff000000| Untracked 
|  49|0x00000000ff100000, 0x00000000ff100000, 0x00000000ff200000|  0%| F|  |TAMS 0x00000000ff100000, 0x00000000ff100000| Untracked 
|  50|0x00000000ff200000, 0x00000000ff200000, 0x00000000ff300000|  0%| F|  |TAMS 0x00000000ff200000, 0x00000000ff200000| Untracked 
|  51|0x00000000ff300000, 0x00000000ff300000, 0x00000000ff400000|  0%| F|  |TAMS 0x00000000ff300000, 0x00000000ff300000| Untracked 
|  52|0x00000000ff400000, 0x00000000ff400000, 0x00000000ff500000|  0%| F|  |TAMS 0x00000000ff400000, 0x00000000ff400000| Untracked 
|  53|0x00000000ff500000, 0x00000000ff500000, 0x00000000ff600000|  0%| F|  |TAMS 0x00000000ff500000, 0x00000000ff500000| Untracked 
|  54|0x00000000ff600000, 0x00000000ff600000, 0x00000000ff700000|  0%| F|  |TAMS 0x00000000ff600000, 0x00000000ff600000| Untracked 
|  55|0x00000000ff700000, 0x00000000ff700000, 0x00000000ff800000|  0%| F|  |TAMS 0x00000000ff700000, 0x00000000ff700000| Untracked 
|  56|0x00000000ff800000, 0x00000000ff880000, 0x00000000ff900000| 50%| E|  |TAMS 0x00000000ff800000, 0x00000000ff800000| Complete 
|  57|0x00000000ff900000, 0x00000000ffa00000, 0x00000000ffa00000|100%| E|CS|TAMS 0x00000000ff900000, 0x00000000ff900000| Complete 
|  58|0x00000000ffa00000, 0x00000000ffb00000, 0x00000000ffb00000|100%| E|CS|TAMS 0x00000000ffa00000, 0x00000000ffa00000| Complete 
|  59|0x00000000ffb00000, 0x00000000ffc00000, 0x00000000ffc00000|100%| E|CS|TAMS 0x00000000ffb00000, 0x00000000ffb00000| Complete 
|  60|0x00000000ffc00000, 0x00000000ffd00000, 0x00000000ffd00000|100%| E|CS|TAMS 0x00000000ffc00000, 0x00000000ffc00000| Complete 
|  61|0x00000000ffd00000, 0x00000000ffe00000, 0x00000000ffe00000|100%| E|CS|TAMS 0x00000000ffd00000, 0x00000000ffd00000| Complete 
|  62|0x00000000ffe00000, 0x00000000fff00000, 0x00000000fff00000|100%| E|CS|TAMS 0x00000000ffe00000, 0x00000000ffe00000| Complete 
|  63|0x00000000fff00000, 0x0000000100000000, 0x0000000100000000|100%| E|CS|TAMS 0x00000000fff00000, 0x00000000fff00000| Complete 

Card table byte_map: [0x000001aa31cc0000,0x000001aa31ce0000] _byte_map_base: 0x000001aa314e0000

Marking Bits (Prev, Next): (CMBitMap*) 0x000001aa31e100c0, (CMBitMap*) 0x000001aa31e10100
 Prev Bits: [0x000001aa49fb0000, 0x000001aa4a0b0000)
 Next Bits: [0x000001aa4a0b0000, 0x000001aa4a1b0000)

Polling page: 0x000001aa31520000

Metaspace:

Usage:
  Non-class:      7.84 MB used.
      Class:    788.10 KB used.
       Both:      8.61 MB used.

Virtual space:
  Non-class space:       64.00 MB reserved,       7.94 MB ( 12%) committed,  1 nodes.
      Class space:        1.00 GB reserved,     832.00 KB ( <1%) committed,  1 nodes.
             Both:        1.06 GB reserved,       8.75 MB ( <1%) committed. 

Chunk freelists:
   Non-Class:  8.05 MB
       Class:  15.12 MB
        Both:  23.17 MB

MaxMetaspaceSize: unlimited
CompressedClassSpaceSize: 1.00 GB
Initial GC threshold: 21.00 MB
Current GC threshold: 21.00 MB
CDS: off
MetaspaceReclaimPolicy: balanced
 - commit_granule_bytes: 65536.
 - commit_granule_words: 8192.
 - virtual_space_node_default_size: 8388608.
 - enlarge_chunks_in_place: 1.
 - new_chunks_are_fully_committed: 0.
 - uncommit_free_chunks: 1.
 - use_allocation_guard: 0.
 - handle_deallocations: 1.


Internal statistics:

num_allocs_failed_limit: 0.
num_arena_births: 14.
num_arena_deaths: 0.
num_vsnodes_births: 2.
num_vsnodes_deaths: 0.
num_space_committed: 140.
num_space_uncommitted: 0.
num_chunks_returned_to_freelist: 0.
num_chunks_taken_from_freelist: 75.
num_chunk_merges: 0.
num_chunk_splits: 40.
num_chunks_enlarged: 29.
num_inconsistent_stats: 0.

CodeHeap 'non-profiled nmethods': size=120000Kb used=367Kb max_used=367Kb free=119632Kb
 bounds [0x000001aa42750000, 0x000001aa429c0000, 0x000001aa49c80000]
CodeHeap 'profiled nmethods': size=120000Kb used=1489Kb max_used=1489Kb free=118510Kb
 bounds [0x000001aa3ac80000, 0x000001aa3aef0000, 0x000001aa421b0000]
CodeHeap 'non-nmethods': size=5760Kb used=1134Kb max_used=1181Kb free=4625Kb
 bounds [0x000001aa421b0000, 0x000001aa42420000, 0x000001aa42750000]
 total_blobs=1236 nmethods=832 adapters=317
 compilation: enabled
              stopped_count=0, restarted_count=0
 full_count=0

Compilation events (20 events):
Event: 1.020 Thread 0x000001aa5101d020  821       3       java.lang.invoke.MethodType$ConcurrentWeakInternSet::get (47 bytes)
Event: 1.021 Thread 0x000001aa5101d020 nmethod 821 0x000001aa3adea610 code [0x000001aa3adea840, 0x000001aa3adeb138]
Event: 1.021 Thread 0x000001aa5101d020  823       3       java.lang.invoke.MemberName::initResolved (53 bytes)
Event: 1.021 Thread 0x000001aa5101d020 nmethod 823 0x000001aa3adeb490 code [0x000001aa3adeb620, 0x000001aa3adeb7d8]
Event: 1.021 Thread 0x000001aa5101d020  822       1       sun.invoke.util.Wrapper::basicTypeChar (5 bytes)
Event: 1.021 Thread 0x000001aa5101d020 nmethod 822 0x000001aa427a8390 code [0x000001aa427a8520, 0x000001aa427a85f8]
Event: 1.029 Thread 0x000001aa5101d020  824   !   3       java.lang.invoke.MemberName::getMethodType (211 bytes)
Event: 1.031 Thread 0x000001aa5101d020 nmethod 824 0x000001aa3adeb890 code [0x000001aa3adebb80, 0x000001aa3aded078]
Event: 1.031 Thread 0x000001aa5101d020  825       3       java.util.ImmutableCollections$Set12$1::next (95 bytes)
Event: 1.031 Thread 0x000001aa5101d020 nmethod 825 0x000001aa3aded610 code [0x000001aa3aded7c0, 0x000001aa3adeda48]
Event: 1.031 Thread 0x000001aa5101d020  826       3       java.lang.invoke.Invokers$Holder::linkToTargetMethod (8 bytes)
Event: 1.031 Thread 0x000001aa5101d020 nmethod 826 0x000001aa3adedb90 code [0x000001aa3adedd40, 0x000001aa3adedfd8]
Event: 1.031 Thread 0x000001aa5101d020  827       3       java.lang.invoke.LambdaForm$MH/0x0000000100004000::invoke (8 bytes)
Event: 1.031 Thread 0x000001aa5101d020 nmethod 827 0x000001aa3adee090 code [0x000001aa3adee220, 0x000001aa3adee438]
Event: 1.033 Thread 0x000001aa5101d020  830       3       java.lang.invoke.MethodType::equals (56 bytes)
Event: 1.033 Thread 0x000001aa5101d020 nmethod 830 0x000001aa3adee510 code [0x000001aa3adee740, 0x000001aa3adef238]
Event: 1.033 Thread 0x000001aa5101d020  831       3       jdk.internal.org.objectweb.asm.ByteVector::put12 (64 bytes)
Event: 1.034 Thread 0x000001aa5101d020 nmethod 831 0x000001aa3adef410 code [0x000001aa3adef5c0, 0x000001aa3adef7e8]
Event: 1.047 Thread 0x000001aa51007e50 nmethod 797 0x000001aa427a8e90 code [0x000001aa427a90e0, 0x000001aa427aaae0]
Event: 1.047 Thread 0x000001aa51007e50  803   !   4       jdk.internal.loader.URLClassPath$JarLoader::getResource (65 bytes)

GC Heap History (2 events):
Event: 0.831 GC heap before
{Heap before GC invocations=0 (full 0):
 garbage-first heap   total 65536K, used 22528K [0x00000000fc000000, 0x0000000100000000)
  region size 1024K, 23 young (23552K), 0 survivors (0K)
 Metaspace       used 8085K, committed 8256K, reserved 1114112K
  class space    used 686K, committed 768K, reserved 1048576K
}
Event: 0.836 GC heap after
{Heap after GC invocations=1 (full 0):
 garbage-first heap   total 65536K, used 2832K [0x00000000fc000000, 0x0000000100000000)
  region size 1024K, 3 young (3072K), 3 survivors (3072K)
 Metaspace       used 8085K, committed 8256K, reserved 1114112K
  class space    used 686K, committed 768K, reserved 1048576K
}

Dll operation events (7 events):
Event: 0.016 Loaded shared library C:\Program Files\OpenLogic\jdk-17.0.13.11-hotspot\bin\java.dll
Event: 0.095 Loaded shared library C:\Program Files\OpenLogic\jdk-17.0.13.11-hotspot\bin\jsvml.dll
Event: 0.242 Loaded shared library C:\Program Files\OpenLogic\jdk-17.0.13.11-hotspot\bin\net.dll
Event: 0.245 Loaded shared library C:\Program Files\OpenLogic\jdk-17.0.13.11-hotspot\bin\nio.dll
Event: 0.259 Loaded shared library C:\Program Files\OpenLogic\jdk-17.0.13.11-hotspot\bin\zip.dll
Event: 0.271 Loaded shared library C:\Program Files\OpenLogic\jdk-17.0.13.11-hotspot\bin\verify.dll
Event: 0.729 Loaded shared library C:\Program Files\OpenLogic\jdk-17.0.13.11-hotspot\bin\jimage.dll

Deoptimization events (20 events):
Event: 0.818 Thread 0x000001aa31df0fe0 DEOPT PACKING pc=0x000001aa42774b94 sp=0x00000068f8afc290
Event: 0.818 Thread 0x000001aa31df0fe0 DEOPT UNPACKING pc=0x000001aa4220a1a3 sp=0x00000068f8afc238 mode 2
Event: 0.857 Thread 0x000001aa31df0fe0 DEOPT PACKING pc=0x000001aa3acb9c40 sp=0x00000068f8afc520
Event: 0.857 Thread 0x000001aa31df0fe0 DEOPT UNPACKING pc=0x000001aa4220ace3 sp=0x00000068f8afb9e0 mode 0
Event: 0.864 Thread 0x000001aa31df0fe0 DEOPT PACKING pc=0x000001aa3acd864a sp=0x00000068f8afbef0
Event: 0.864 Thread 0x000001aa31df0fe0 DEOPT UNPACKING pc=0x000001aa4220ace3 sp=0x00000068f8afb390 mode 0
Event: 0.914 Thread 0x000001aa31df0fe0 Uncommon trap: trap_request=0xffffff45 fr.pc=0x000001aa42795714 relative=0x0000000000000954
Event: 0.914 Thread 0x000001aa31df0fe0 Uncommon trap: reason=unstable_if action=reinterpret pc=0x000001aa42795714 method=java.util.zip.ZipCoder$UTF8ZipCoder.checkedHash([BII)I @ 27 c2
Event: 0.914 Thread 0x000001aa31df0fe0 DEOPT PACKING pc=0x000001aa42795714 sp=0x00000068f8afc200
Event: 0.914 Thread 0x000001aa31df0fe0 DEOPT UNPACKING pc=0x000001aa4220a1a3 sp=0x00000068f8afc148 mode 2
Event: 0.914 Thread 0x000001aa31df0fe0 Uncommon trap: trap_request=0xffffff45 fr.pc=0x000001aa42772a34 relative=0x00000000000001b4
Event: 0.914 Thread 0x000001aa31df0fe0 Uncommon trap: reason=unstable_if action=reinterpret pc=0x000001aa42772a34 method=java.lang.String.hashCode()I @ 20 c2
Event: 0.914 Thread 0x000001aa31df0fe0 DEOPT PACKING pc=0x000001aa42772a34 sp=0x00000068f8afc080
Event: 0.914 Thread 0x000001aa31df0fe0 DEOPT UNPACKING pc=0x000001aa4220a1a3 sp=0x00000068f8afc010 mode 2
Event: 0.914 Thread 0x000001aa31df0fe0 Uncommon trap: trap_request=0xffffff45 fr.pc=0x000001aa42794398 relative=0x0000000000000178
Event: 0.914 Thread 0x000001aa31df0fe0 Uncommon trap: reason=unstable_if action=reinterpret pc=0x000001aa42794398 method=java.util.zip.ZipFile$Source.isMetaName([BII)Z @ 57 c2
Event: 0.914 Thread 0x000001aa31df0fe0 DEOPT PACKING pc=0x000001aa42794398 sp=0x00000068f8afc290
Event: 0.914 Thread 0x000001aa31df0fe0 DEOPT UNPACKING pc=0x000001aa4220a1a3 sp=0x00000068f8afc220 mode 2
Event: 0.967 Thread 0x000001aa31df0fe0 DEOPT PACKING pc=0x000001aa3ad858af sp=0x00000068f8af7860
Event: 0.967 Thread 0x000001aa31df0fe0 DEOPT UNPACKING pc=0x000001aa4220ace3 sp=0x00000068f8af6cc0 mode 0

Classes loaded (20 events):
Event: 1.018 Loading class java/lang/WeakPairMap$WeakRefPeer done
Event: 1.018 Loading class java/lang/WeakPairMap$Pair$Weak done
Event: 1.018 Loading class java/lang/WeakPairMap$Pair$Weak$1
Event: 1.018 Loading class java/lang/WeakPairMap$Pair$Weak$1 done
Event: 1.023 Loading class java/lang/reflect/ProxyGenerator
Event: 1.027 Loading class java/lang/reflect/ProxyGenerator done
Event: 1.027 Loading class java/lang/reflect/ProxyGenerator$ProxyMethod
Event: 1.028 Loading class java/lang/reflect/ProxyGenerator$ProxyMethod done
Event: 1.028 Loading class java/util/StringJoiner
Event: 1.029 Loading class java/util/StringJoiner done
Event: 1.031 Loading class java/lang/reflect/ProxyGenerator$PrimitiveTypeInfo
Event: 1.032 Loading class java/lang/reflect/ProxyGenerator$PrimitiveTypeInfo done
Event: 1.032 Loading class jdk/internal/org/objectweb/asm/Edge
Event: 1.032 Loading class jdk/internal/org/objectweb/asm/Edge done
Event: 1.034 Loading class java/lang/reflect/UndeclaredThrowableException
Event: 1.034 Loading class java/lang/reflect/UndeclaredThrowableException done
Event: 1.034 Loading class java/lang/IllegalAccessException
Event: 1.034 Loading class java/lang/IllegalAccessException done
Event: 1.035 Loading class java/lang/reflect/Proxy$ProxyBuilder$1
Event: 1.035 Loading class java/lang/reflect/Proxy$ProxyBuilder$1 done

Classes unloaded (0 events):
No events

Classes redefined (0 events):
No events

Internal exceptions (1 events):
Event: 0.422 Thread 0x000001aa31df0fe0 Exception <a 'java/lang/NoSuchMethodError'{0x00000000ffc6d018}: 'int java.lang.invoke.DirectMethodHandle$Holder.invokeStaticInit(java.lang.Object, java.lang.Object)'> (0x00000000ffc6d018) 
thrown [s\src\hotspot\share\interpreter\linkResolver.cpp, line 759]

VM Operations (4 events):
Event: 0.264 Executing VM operation: HandshakeAllThreads
Event: 0.264 Executing VM operation: HandshakeAllThreads done
Event: 0.830 Executing VM operation: G1CollectForAllocation
Event: 0.836 Executing VM operation: G1CollectForAllocation done

Memory protections (0 events):
No events

Nmethod flushes (0 events):
No events

Events (14 events):
Event: 0.095 Thread 0x000001aa31df0fe0 Thread added: 0x000001aa31df0fe0
Event: 0.120 Thread 0x000001aa31df0fe0 Thread added: 0x000001aa4cbfa250
Event: 0.121 Thread 0x000001aa31df0fe0 Thread added: 0x000001aa4cbfd1f0
Event: 0.161 Thread 0x000001aa31df0fe0 Thread added: 0x000001aa4cc25a70
Event: 0.161 Thread 0x000001aa31df0fe0 Thread added: 0x000001aa4cc26530
Event: 0.161 Thread 0x000001aa31df0fe0 Thread added: 0x000001aa510046b0
Event: 0.161 Thread 0x000001aa31df0fe0 Thread added: 0x000001aa51007080
Event: 0.161 Thread 0x000001aa31df0fe0 Thread added: 0x000001aa51007e50
Event: 0.162 Thread 0x000001aa31df0fe0 Thread added: 0x000001aa5101d020
Event: 0.162 Thread 0x000001aa31df0fe0 Thread added: 0x000001aa5101d930
Event: 0.212 Thread 0x000001aa31df0fe0 Thread added: 0x000001aa5118dec0
Event: 0.227 Thread 0x000001aa31df0fe0 Thread added: 0x000001aa5119dfe0
Event: 0.714 Thread 0x000001aa5101d020 Thread added: 0x000001aa513ecfd0
Event: 0.719 Thread 0x000001aa51007e50 Thread added: 0x000001aa513af3a0


Dynamic libraries:
0x00007ff6b5230000 - 0x00007ff6b523e000 	C:\Program Files\OpenLogic\jdk-17.0.13.11-hotspot\bin\java.exe
0x00007ffccf150000 - 0x00007ffccf367000 	C:\WINDOWS\SYSTEM32\ntdll.dll
0x00007ffccea90000 - 0x00007ffcceb54000 	C:\WINDOWS\System32\KERNEL32.DLL
0x00007ffccc9b0000 - 0x00007ffcccd6a000 	C:\WINDOWS\System32\KERNELBASE.dll
0x00007ffccc5f0000 - 0x00007ffccc701000 	C:\WINDOWS\System32\ucrtbase.dll
0x00007ffc57670000 - 0x00007ffc5768b000 	C:\Program Files\OpenLogic\jdk-17.0.13.11-hotspot\bin\VCRUNTIME140.dll
0x00007ffc57ec0000 - 0x00007ffc57ed7000 	C:\Program Files\OpenLogic\jdk-17.0.13.11-hotspot\bin\jli.dll
0x00007ffccde20000 - 0x00007ffccdfce000 	C:\WINDOWS\System32\USER32.dll
0x00007ffccc810000 - 0x00007ffccc836000 	C:\WINDOWS\System32\win32u.dll
0x00007ffcceb60000 - 0x00007ffcceb89000 	C:\WINDOWS\System32\GDI32.dll
0x00007ffccc4d0000 - 0x00007ffccc5eb000 	C:\WINDOWS\System32\gdi32full.dll
0x00007ffccc430000 - 0x00007ffccc4ca000 	C:\WINDOWS\System32\msvcp_win.dll
0x00007ffcb1e10000 - 0x00007ffcb20a2000 	C:\WINDOWS\WinSxS\amd64_microsoft.windows.common-controls_6595b64144ccf1df_6.0.22621.4541_none_2710d1c57384c085\COMCTL32.dll
0x00007ffccdbf0000 - 0x00007ffccdc97000 	C:\WINDOWS\System32\msvcrt.dll
0x00007ffccdca0000 - 0x00007ffccdcd1000 	C:\WINDOWS\System32\IMM32.DLL
0x0000000070ad0000 - 0x0000000070adc000 	C:\Program Files (x86)\360\Total Security\safemon\SafeWrapper.dll
0x00007ffccd5b0000 - 0x00007ffccd662000 	C:\WINDOWS\System32\ADVAPI32.dll
0x00007ffccdd60000 - 0x00007ffccde07000 	C:\WINDOWS\System32\sechost.dll
0x00007ffcccd70000 - 0x00007ffcccd98000 	C:\WINDOWS\System32\bcrypt.dll
0x00007ffcce850000 - 0x00007ffcce964000 	C:\WINDOWS\System32\RPCRT4.dll
0x00007ffc47fd0000 - 0x00007ffc4807c000 	C:\Program Files (x86)\360\Total Security\safemon\libzdtp64.dll
0x00007ffccdfd0000 - 0x00007ffcce848000 	C:\WINDOWS\System32\SHELL32.dll
0x00007ffccdcf0000 - 0x00007ffccdd4e000 	C:\WINDOWS\System32\SHLWAPI.dll
0x00007ffccbf80000 - 0x00007ffccbf8a000 	C:\WINDOWS\SYSTEM32\VERSION.dll
0x00007ffc60e90000 - 0x00007ffc60e9c000 	C:\Program Files\OpenLogic\jdk-17.0.13.11-hotspot\bin\vcruntime140_1.dll
0x00007ffc20e70000 - 0x00007ffc20efd000 	C:\Program Files\OpenLogic\jdk-17.0.13.11-hotspot\bin\msvcp140.dll
0x00007ffbeade0000 - 0x00007ffbeba4c000 	C:\Program Files\OpenLogic\jdk-17.0.13.11-hotspot\bin\server\jvm.dll
0x00007ffccd6f0000 - 0x00007ffccd761000 	C:\WINDOWS\System32\WS2_32.dll
0x00007ffccc300000 - 0x00007ffccc34d000 	C:\WINDOWS\SYSTEM32\POWRPROF.dll
0x00007ffcc5740000 - 0x00007ffcc5774000 	C:\WINDOWS\SYSTEM32\WINMM.dll
0x00007ffccc290000 - 0x00007ffccc2a3000 	C:\WINDOWS\SYSTEM32\UMPDC.dll
0x00007ffccb3c0000 - 0x00007ffccb3d8000 	C:\WINDOWS\SYSTEM32\kernel.appcore.dll
0x00007ffc61db0000 - 0x00007ffc61dba000 	C:\Program Files\OpenLogic\jdk-17.0.13.11-hotspot\bin\jimage.dll
0x00007ffcc9920000 - 0x00007ffcc9b52000 	C:\WINDOWS\SYSTEM32\DBGHELP.DLL
0x00007ffcced30000 - 0x00007ffccf0bf000 	C:\WINDOWS\System32\combase.dll
0x00007ffccce60000 - 0x00007ffcccf37000 	C:\WINDOWS\System32\OLEAUT32.dll
0x00007ffcb2140000 - 0x00007ffcb2172000 	C:\WINDOWS\SYSTEM32\dbgcore.DLL
0x00007ffccc790000 - 0x00007ffccc80b000 	C:\WINDOWS\System32\bcryptPrimitives.dll
0x00007ffc549d0000 - 0x00007ffc549f5000 	C:\Program Files\OpenLogic\jdk-17.0.13.11-hotspot\bin\java.dll
0x00007ffc003a0000 - 0x00007ffc00476000 	C:\Program Files\OpenLogic\jdk-17.0.13.11-hotspot\bin\jsvml.dll
0x00007ffcca2b0000 - 0x00007ffccabb8000 	C:\WINDOWS\SYSTEM32\windows.storage.dll
0x00007ffcca170000 - 0x00007ffcca2af000 	C:\WINDOWS\SYSTEM32\wintypes.dll
0x00007ffccd300000 - 0x00007ffccd3fa000 	C:\WINDOWS\System32\SHCORE.dll
0x00007ffccc360000 - 0x00007ffccc38b000 	C:\WINDOWS\SYSTEM32\profapi.dll
0x00007ffc547c0000 - 0x00007ffc547d9000 	C:\Program Files\OpenLogic\jdk-17.0.13.11-hotspot\bin\net.dll
0x00007ffcc87d0000 - 0x00007ffcc8906000 	C:\WINDOWS\SYSTEM32\WINHTTP.dll
0x00007ffccb830000 - 0x00007ffccb899000 	C:\WINDOWS\system32\mswsock.dll
0x00007ffc547a0000 - 0x00007ffc547b6000 	C:\Program Files\OpenLogic\jdk-17.0.13.11-hotspot\bin\nio.dll
0x00007ffc54580000 - 0x00007ffc54598000 	C:\Program Files\OpenLogic\jdk-17.0.13.11-hotspot\bin\zip.dll
0x00007ffc60b30000 - 0x00007ffc60b40000 	C:\Program Files\OpenLogic\jdk-17.0.13.11-hotspot\bin\verify.dll

dbghelp: loaded successfully - version: 4.0.5 - missing functions: none
symbol engine: initialized successfully - sym options: 0x614 - pdb path: .;C:\Program Files\OpenLogic\jdk-17.0.13.11-hotspot\bin;C:\WINDOWS\SYSTEM32;C:\WINDOWS\WinSxS\amd64_microsoft.windows.common-controls_6595b64144ccf1df_6.0.22621.4541_none_2710d1c57384c085;C:\Program Files (x86)\360\Total Security\safemon;C:\Program Files\OpenLogic\jdk-17.0.13.11-hotspot\bin\server

VM Arguments:
jvm_args: -Xmx64m -Xms64m -Dorg.gradle.appname=gradlew 
java_command: org.gradle.wrapper.GradleWrapperMain app:installDebug -PreactNativeDevServerPort=8081
java_class_path (initial): C:\Users\ADEOYE MARVELLOUS\Final Assessment App\AuthAssessment\android\\gradle\wrapper\gradle-wrapper.jar
Launcher Type: SUN_STANDARD

[Global flags]
     intx CICompilerCount                          = 4                                         {product} {ergonomic}
     uint ConcGCThreads                            = 2                                         {product} {ergonomic}
     uint G1ConcRefinementThreads                  = 8                                         {product} {ergonomic}
   size_t G1HeapRegionSize                         = 1048576                                   {product} {ergonomic}
    uintx GCDrainStackTargetSize                   = 64                                        {product} {ergonomic}
   size_t InitialHeapSize                          = 67108864                                  {product} {command line}
   size_t MarkStackSize                            = 4194304                                   {product} {ergonomic}
   size_t MaxHeapSize                              = 67108864                                  {product} {command line}
   size_t MaxNewSize                               = 39845888                                  {product} {ergonomic}
   size_t MinHeapDeltaBytes                        = 1048576                                   {product} {ergonomic}
   size_t MinHeapSize                              = 67108864                                  {product} {command line}
    uintx NonNMethodCodeHeapSize                   = 5839372                                {pd product} {ergonomic}
    uintx NonProfiledCodeHeapSize                  = 122909434                              {pd product} {ergonomic}
    uintx ProfiledCodeHeapSize                     = 122909434                              {pd product} {ergonomic}
    uintx ReservedCodeCacheSize                    = 251658240                              {pd product} {ergonomic}
     bool SegmentedCodeCache                       = true                                      {product} {ergonomic}
   size_t SoftMaxHeapSize                          = 67108864                               {manageable} {ergonomic}
     bool UseCompressedClassPointers               = true                           {product lp64_product} {ergonomic}
     bool UseCompressedOops                        = true                           {product lp64_product} {ergonomic}
     bool UseG1GC                                  = true                                      {product} {ergonomic}
     bool UseLargePagesIndividualAllocation        = false                                  {pd product} {ergonomic}

Logging:
Log output configuration:
 #0: stdout all=warning uptime,level,tags
 #1: stderr all=off uptime,level,tags

Environment Variables:
JAVA_HOME=C:\Program Files\OpenLogic\jdk-17.0.13.11-hotspot
CLASSPATH=C:\Users\ADEOYE MARVELLOUS\Final Assessment App\AuthAssessment\android\\gradle\wrapper\gradle-wrapper.jar
PATH=C:\Users\ADEOYE MARVELLOUS\Final Assessment App\AuthAssessment\node_modules\.bin;C:\Users\ADEOYE MARVELLOUS\Final Assessment App\AuthAssessment\node_modules\.bin;C:\Users\ADEOYE MARVELLOUS\Final Assessment App\node_modules\.bin;C:\Users\ADEOYE MARVELLOUS\node_modules\.bin;C:\Users\node_modules\.bin;C:\node_modules\.bin;C:\Users\ADEOYEMARVELLOUS\AppData\Roaming\nvm\v21.1.0\node_modules\npm\node_modules\@npmcli\run-script\lib\node-gyp-bin;C:\Users\ADEOYE MARVELLOUS\Final Assessment App\AuthAssessment\node_modules\.bin;C:\Users\ADEOYE MARVELLOUS\Final Assessment App\AuthAssessment\node_modules\.bin;C:\Users\ADEOYE MARVELLOUS\Final Assessment App\node_modules\.bin;C:\Users\ADEOYE MARVELLOUS\node_modules\.bin;C:\Users\node_modules\.bin;C:\node_modules\.bin;C:\Users\ADEOYEMARVELLOUS\AppData\Roaming\nvm\v21.1.0\node_modules\npm\node_modules\@npmcli\run-script\lib\node-gyp-bin;C:\Users\ADEOYE MARVELLOUS\bin;C:\Program Files\Git\mingw64\bin;C:\Program Files\Git\usr\local\bin;C:\Program Files\Git\usr\bin;C:\Program Files\Git\usr\bin;C:\Program Files\Git\mingw64\bin;C:\Program Files\Git\usr\bin;C:\Users\ADEOYE MARVELLOUS\bin;C:\Program Files\Microsoft\jdk-17.0.13.11-hotspot\bin;C:\Program Files\OpenLogic\jdk-17.0.13.11-hotspot\bin;C:\Program Files\Common Files\Oracle\Java\javapath;C:\Program Files\Eclipse Adoptium\jdk-11.0.24.8-hotspot\bin;C:\Program Files (x86)\Common Files\Intel\Shared Libraries\redist\intel64\compiler;C:\WINDOWS\system32;C:\WINDOWS;C:\WINDOWS\System32\Wbem;C:\WINDOWS\System32\WindowsPowerShell\v1.0;C:\WINDOWS\System32\OpenSSH;C:\Program Files\Azure Data Studio\bin;C:\Program Files\Microsoft SQL Server\Client SDK\ODBC\170\Tools\Binn;C:\Program Files (x86)\Microsoft SQL Server\150\Tools\Binn;C:\Program Files\Microsoft SQL Server\150\Tools\Binn;C:\Program Files\Microsoft SQL Server\150\DTS\Binn;C:\Program Files\Microsoft\Web Platform Installer;C:\Program Files\Docker\Docker\resources\bin;C:\ProgramData\DockerDesktop\version-bin;C:\Program Files (x86)\HP\Idrs
USERNAME=ADEOYE MARVELLOUS
SHELL=C:\Program Files\Git\usr\bin\bash.exe
DISPLAY=needs-to-be-defined
LANG=en_US.UTF-8
TERM=xterm-256color
TMPDIR=C:\Users\ADEOYE~1\AppData\Local\Temp
OS=Windows_NT
PROCESSOR_IDENTIFIER=Intel64 Family 6 Model 140 Stepping 1, GenuineIntel
TMP=C:\Users\ADEOYE~1\AppData\Local\Temp
TEMP=C:\Users\ADEOYE~1\AppData\Local\Temp



Periodic native trim disabled


---------------  S Y S T E M  ---------------

OS:
 Windows 11 , 64 bit Build 22621 (10.0.22621.4391)
OS uptime: 0 days 9:53 hours
Hyper-V role detected

CPU: total 8 (initial active 8) (4 cores per cpu, 2 threads per core) family 6 model 140 stepping 1 microcode 0xac, cx8, cmov, fxsr, ht, mmx, 3dnowpref, sse, sse2, sse3, ssse3, sse4.1, sse4.2, popcnt, lzcnt, tsc, tscinvbit, avx, avx2, aes, erms, clmul, bmi1, bmi2, adx, avx512f, avx512dq, avx512cd, avx512bw, avx512vl, sha, fma, vzeroupper, avx512_vpopcntdq, avx512_vpclmulqdq, avx512_vaes, avx512_vnni, clflush, clflushopt, clwb, avx512_vbmi2, avx512_vbmi, hv
Processor Information for all 8 processors :
  Max Mhz: 2419, Current Mhz: 2419, Mhz Limit: 2419

Memory: 4k page, system-wide physical 7957M (672M free)
TotalPageFile size 32533M (AvailPageFile size 7M)
current process WorkingSet (physical memory assigned to process): 83M, peak: 85M
current process commit charge ("private bytes"): 162M, peak: 164M

vm_info: OpenJDK 64-Bit Server VM (17.0.13+11-adhoc..jdk17u) for windows-amd64 JRE (17.0.13+11-adhoc..jdk17u), built on Oct 18 2024 01:05:13 by "" with MS VC++ 16.10 / 16.11 (VS2019)

END.
